[debug] [2025-06-20T10:03:14.156Z] ----------------------------------------------------------------------
[debug] [2025-06-20T10:03:14.158Z] Command:       C:\Program Files\nodejs\node.exe C:\Users\SHEMA Valentin\AppData\Roaming\npm\node_modules\firebase-tools\lib\bin\firebase.js emulators:start --only functions
[debug] [2025-06-20T10:03:14.159Z] CLI Version:   14.7.0
[debug] [2025-06-20T10:03:14.159Z] Platform:      win32
[debug] [2025-06-20T10:03:14.159Z] Node Version:  v22.16.0
[debug] [2025-06-20T10:03:14.159Z] Time:          Fri Jun 20 2025 12:03:14 GMT+0200 (South Africa Standard Time)
[debug] [2025-06-20T10:03:14.159Z] ----------------------------------------------------------------------
[debug] 
[debug] [2025-06-20T10:03:14.161Z] >>> [apiv2][query] GET https://firebase-public.firebaseio.com/cli.json [none]
[debug] [2025-06-20T10:03:14.434Z] > command requires scopes: ["email","openid","https://www.googleapis.com/auth/cloudplatformprojects.readonly","https://www.googleapis.com/auth/firebase","https://www.googleapis.com/auth/cloud-platform"]
[debug] [2025-06-20T10:03:14.434Z] > authorizing via signed-in user (shemavalentin@gmail.com)
[info] i  emulators: Starting emulators: functions {"metadata":{"emulator":{"name":"hub"},"message":"Starting emulators: functions"}}
[debug] [2025-06-20T10:03:14.444Z] [logging] Logging Emulator only supports listening on one address (127.0.0.1). Not listening on ::1
[debug] [2025-06-20T10:03:14.444Z] assigned listening specs for emulators {"user":{"hub":[{"address":"127.0.0.1","family":"IPv4","port":4400},{"address":"::1","family":"IPv6","port":4400}],"ui":[{"address":"127.0.0.1","family":"IPv4","port":4000},{"address":"::1","family":"IPv6","port":4000}],"logging":[{"address":"127.0.0.1","family":"IPv4","port":4500}]},"metadata":{"message":"assigned listening specs for emulators"}}
[debug] [2025-06-20T10:03:14.448Z] [hub] writing locator at C:\Users\SHEMAV~1\AppData\Local\Temp\hub-mealsforyou-d1a77.json
[debug] [2025-06-20T10:03:14.468Z] [functions] Functions Emulator only supports listening on one address (127.0.0.1). Not listening on ::1
[debug] [2025-06-20T10:03:14.468Z] [eventarc] Eventarc Emulator only supports listening on one address (127.0.0.1). Not listening on ::1
[debug] [2025-06-20T10:03:14.468Z] [tasks] Cloud Tasks Emulator only supports listening on one address (127.0.0.1). Not listening on ::1
[debug] [2025-06-20T10:03:14.468Z] late-assigned ports for functions and eventarc emulators {"user":{"hub":[{"address":"127.0.0.1","family":"IPv4","port":4400},{"address":"::1","family":"IPv6","port":4400}],"ui":[{"address":"127.0.0.1","family":"IPv4","port":4000},{"address":"::1","family":"IPv6","port":4000}],"logging":[{"address":"127.0.0.1","family":"IPv4","port":4500}],"functions":[{"address":"127.0.0.1","family":"IPv4","port":5001}],"eventarc":[{"address":"127.0.0.1","family":"IPv4","port":9299}],"tasks":[{"address":"127.0.0.1","family":"IPv4","port":9499}]},"metadata":{"message":"late-assigned ports for functions and eventarc emulators"}}
[warn] !  functions: The following emulators are not running, calls to these services from the Functions emulator will affect production: apphosting, auth, firestore, database, hosting, pubsub, storage, dataconnect {"metadata":{"emulator":{"name":"functions"},"message":"The following emulators are not running, calls to these services from the Functions emulator will affect production: \u001b[1mapphosting, auth, firestore, database, hosting, pubsub, storage, dataconnect\u001b[22m"}}
[debug] [2025-06-20T10:03:14.486Z] defaultcredentials: writing to file C:\Users\SHEMA Valentin\AppData\Roaming\firebase\shemavalentin_gmail_com_application_default_credentials.json
[debug] [2025-06-20T10:03:14.488Z] Setting GAC to C:\Users\SHEMA Valentin\AppData\Roaming\firebase\shemavalentin_gmail_com_application_default_credentials.json {"metadata":{"emulator":{"name":"functions"},"message":"Setting GAC to C:\\Users\\SHEMA Valentin\\AppData\\Roaming\\firebase\\shemavalentin_gmail_com_application_default_credentials.json"}}
[debug] [2025-06-20T10:03:14.489Z] Checked if tokens are valid: true, expires at: 1750415903926
[debug] [2025-06-20T10:03:14.490Z] Checked if tokens are valid: true, expires at: 1750415903926
[debug] [2025-06-20T10:03:14.490Z] >>> [apiv2][query] GET https://firebase.googleapis.com/v1beta1/projects/mealsforyou-d1a77/adminSdkConfig [none]
[debug] [2025-06-20T10:03:14.974Z] <<< [apiv2][status] GET https://firebase-public.firebaseio.com/cli.json 200
[debug] [2025-06-20T10:03:14.974Z] <<< [apiv2][body] GET https://firebase-public.firebaseio.com/cli.json {"cloudBuildErrorAfter":1594252800000,"cloudBuildWarnAfter":1590019200000,"defaultNode10After":1594252800000,"minVersion":"3.0.5","node8DeploysDisabledAfter":1613390400000,"node8RuntimeDisabledAfter":1615809600000,"node8WarnAfter":1600128000000}
[debug] [2025-06-20T10:03:15.010Z] <<< [apiv2][status] GET https://firebase.googleapis.com/v1beta1/projects/mealsforyou-d1a77/adminSdkConfig 200
[debug] [2025-06-20T10:03:15.010Z] <<< [apiv2][body] GET https://firebase.googleapis.com/v1beta1/projects/mealsforyou-d1a77/adminSdkConfig {"projectId":"mealsforyou-d1a77","storageBucket":"mealsforyou-d1a77.firebasestorage.app"}
[info] i  functions: Watching "C:\Users\SHEMA Valentin\Desktop\projects\MealsForYou\functions" for Cloud Functions... {"metadata":{"emulator":{"name":"functions"},"message":"Watching \"C:\\Users\\SHEMA Valentin\\Desktop\\projects\\MealsForYou\\functions\" for Cloud Functions..."}}
[debug] [2025-06-20T10:03:15.037Z] Validating nodejs source
[debug] [2025-06-20T10:03:16.858Z] > [functions] package.json contents: {
  "name": "functions",
  "description": "Cloud Functions for Firebase",
  "scripts": {
    "lint": "eslint .",
    "serve": "firebase emulators:start --only functions",
    "shell": "firebase functions:shell",
    "start": "npm run shell",
    "deploy": "firebase deploy --only functions",
    "logs": "firebase functions:log"
  },
  "engines": {
    "node": "22"
  },
  "main": "index.js",
  "dependencies": {
    "firebase-admin": "^12.6.0",
    "firebase-functions": "^6.0.1"
  },
  "devDependencies": {
    "eslint": "^8.15.0",
    "eslint-config-google": "^0.14.0",
    "firebase-functions-test": "^3.1.0"
  },
  "private": true
}
[debug] [2025-06-20T10:03:16.859Z] Building nodejs source
[debug] [2025-06-20T10:03:16.859Z] Failed to find version of module node: reached end of search path C:\Users\SHEMA Valentin\Desktop\projects\MealsForYou\functions\node_modules
[info] +  functions: Using node@22 from host. 
[debug] [2025-06-20T10:03:16.862Z] Could not find functions.yaml. Must use http discovery
[debug] [2025-06-20T10:03:16.870Z] Found firebase-functions binary at 'C:\Users\SHEMA Valentin\Desktop\projects\MealsForYou\functions\node_modules\.bin\firebase-functions'
[info] Serving at port 8652

[debug] [2025-06-20T10:03:17.583Z] Got response from /__/functions.yaml {"endpoints":{"geocode":{"availableMemoryMb":null,"timeoutSeconds":null,"minInstances":null,"maxInstances":null,"ingressSettings":null,"concurrency":null,"serviceAccountEmail":null,"vpc":null,"platform":"gcfv2","labels":{},"httpsTrigger":{},"entryPoint":"geocode"},"placesNearby":{"availableMemoryMb":null,"timeoutSeconds":null,"minInstances":null,"maxInstances":null,"ingressSettings":null,"concurrency":null,"serviceAccountEmail":null,"vpc":null,"platform":"gcfv2","labels":{},"httpsTrigger":{},"entryPoint":"placesNearby"}},"specVersion":"v1alpha1","requiredAPIs":[],"extensions":{}}
[info] +  functions: Loaded functions definitions from source: geocode, placesNearby. {"metadata":{"emulator":{"name":"functions"},"message":"Loaded functions definitions from source: geocode, placesNearby."}}
[info] +  functions[us-central1-geocode]: http function initialized (http://127.0.0.1:5001/mealsforyou-d1a77/us-central1/geocode). {"metadata":{"emulator":{"name":"functions"},"message":"\u001b[1mhttp\u001b[22m function initialized (http://127.0.0.1:5001/mealsforyou-d1a77/us-central1/geocode)."}}
[info] +  functions[us-central1-placesNearby]: http function initialized (http://127.0.0.1:5001/mealsforyou-d1a77/us-central1/placesNearby). {"metadata":{"emulator":{"name":"functions"},"message":"\u001b[1mhttp\u001b[22m function initialized (http://127.0.0.1:5001/mealsforyou-d1a77/us-central1/placesNearby)."}}
[debug] [2025-06-20T10:03:21.639Z] Could not find VSCode notification endpoint: FetchError: request to http://localhost:40001/vscode/notify failed, reason: . If you are not running the Firebase Data Connect VSCode extension, this is expected and not an issue.
[info] 
┌─────────────────────────────────────────────────────────────┐
│ ✔  All emulators ready! It is now safe to connect your app. │
│ i  View Emulator UI at http://127.0.0.1:4000/               │
└─────────────────────────────────────────────────────────────┘

┌───────────┬────────────────┬─────────────────────────────────┐
│ Emulator  │ Host:Port      │ View in Emulator UI             │
├───────────┼────────────────┼─────────────────────────────────┤
│ Functions │ 127.0.0.1:5001 │ http://127.0.0.1:4000/functions │
└───────────┴────────────────┴─────────────────────────────────┘
  Emulator Hub host: 127.0.0.1 port: 4400
  Other reserved ports: 4500

Issues? Report them at https://github.com/firebase/firebase-tools/issues and attach the *-debug.log files.
 
[debug] [2025-06-20T10:04:08.027Z] [work-queue] {"queuedWork":["/mealsforyou-d1a77/us-central1/geocode-2025-06-20T10:04:08.026Z"],"queueLength":1,"runningWork":[],"workRunningCount":0}
[debug] [2025-06-20T10:04:08.027Z] [work-queue] {"queuedWork":[],"queueLength":0,"runningWork":["/mealsforyou-d1a77/us-central1/geocode-2025-06-20T10:04:08.026Z"],"workRunningCount":1}
[debug] [2025-06-20T10:04:08.027Z] Accepted request GET /mealsforyou-d1a77/us-central1/geocode?city=toronto --> us-central1-geocode
[debug] [2025-06-20T10:04:08.028Z] [functions] Runtime ready! Sending request! {"metadata":{"emulator":{"name":"functions"},"message":"[functions] Runtime ready! Sending request!"}}
[debug] [2025-06-20T10:04:08.029Z] [functions] Got req.url=/mealsforyou-d1a77/us-central1/geocode?city=toronto, mapping to path=/?city=toronto {"metadata":{"emulator":{"name":"functions"},"message":"[functions] Got req.url=/mealsforyou-d1a77/us-central1/geocode?city=toronto, mapping to path=/?city=toronto"}}
[debug] [2025-06-20T10:04:08.041Z] [worker-pool] addWorker(us-central1-geocode) {"metadata":{"emulator":{"name":"functions"},"message":"[worker-pool] addWorker(us-central1-geocode)"}}
[debug] [2025-06-20T10:04:08.043Z] [worker-pool] Adding worker with key us-central1-geocode, total=1 {"metadata":{"emulator":{"name":"functions"},"message":"[worker-pool] Adding worker with key us-central1-geocode, total=1"}}
[debug] [2025-06-20T10:04:09.350Z] [runtime-status] [7672] Resolved module firebase-admin {"declared":true,"installed":true,"version":"12.7.0","resolution":"C:\\Users\\SHEMA Valentin\\Desktop\\projects\\MealsForYou\\functions\\node_modules\\firebase-admin\\lib\\index.js"} {"metadata":{"emulator":{"name":"functions"},"function":{"name":"us-central1-geocode"},"extension":{},"message":"[runtime-status] [7672] Resolved module firebase-admin {\"declared\":true,\"installed\":true,\"version\":\"12.7.0\",\"resolution\":\"C:\\\\Users\\\\SHEMA Valentin\\\\Desktop\\\\projects\\\\MealsForYou\\\\functions\\\\node_modules\\\\firebase-admin\\\\lib\\\\index.js\"}"}}
[debug] [2025-06-20T10:04:09.351Z] [runtime-status] [7672] Resolved module firebase-functions {"declared":true,"installed":true,"version":"6.3.2","resolution":"C:\\Users\\SHEMA Valentin\\Desktop\\projects\\MealsForYou\\functions\\node_modules\\firebase-functions\\lib\\v2\\index.js"} {"metadata":{"emulator":{"name":"functions"},"function":{"name":"us-central1-geocode"},"extension":{},"message":"[runtime-status] [7672] Resolved module firebase-functions {\"declared\":true,\"installed\":true,\"version\":\"6.3.2\",\"resolution\":\"C:\\\\Users\\\\SHEMA Valentin\\\\Desktop\\\\projects\\\\MealsForYou\\\\functions\\\\node_modules\\\\firebase-functions\\\\lib\\\\v2\\\\index.js\"}"}}
[debug] [2025-06-20T10:04:09.352Z] [runtime-status] [7672] Outgoing network have been stubbed. [{"name":"http","status":"mocked"},{"name":"http","status":"mocked"},{"name":"https","status":"mocked"},{"name":"https","status":"mocked"},{"name":"net","status":"mocked"}] {"metadata":{"emulator":{"name":"functions"},"function":{"name":"us-central1-geocode"},"extension":{},"message":"[runtime-status] [7672] Outgoing network have been stubbed. [{\"name\":\"http\",\"status\":\"mocked\"},{\"name\":\"http\",\"status\":\"mocked\"},{\"name\":\"https\",\"status\":\"mocked\"},{\"name\":\"https\",\"status\":\"mocked\"},{\"name\":\"net\",\"status\":\"mocked\"}]"}}
[debug] [2025-06-20T10:04:09.353Z] [runtime-status] [7672] Resolved module firebase-functions {"declared":true,"installed":true,"version":"6.3.2","resolution":"C:\\Users\\SHEMA Valentin\\Desktop\\projects\\MealsForYou\\functions\\node_modules\\firebase-functions\\lib\\v2\\index.js"} {"metadata":{"emulator":{"name":"functions"},"function":{"name":"us-central1-geocode"},"extension":{},"message":"[runtime-status] [7672] Resolved module firebase-functions {\"declared\":true,\"installed\":true,\"version\":\"6.3.2\",\"resolution\":\"C:\\\\Users\\\\SHEMA Valentin\\\\Desktop\\\\projects\\\\MealsForYou\\\\functions\\\\node_modules\\\\firebase-functions\\\\lib\\\\v2\\\\index.js\"}"}}
[debug] [2025-06-20T10:04:10.001Z] [runtime-status] [7672] Checked functions.config() {"config":{}} {"metadata":{"emulator":{"name":"functions"},"function":{"name":"us-central1-geocode"},"extension":{},"message":"[runtime-status] [7672] Checked functions.config() {\"config\":{}}"}}
[debug] [2025-06-20T10:04:10.002Z] [runtime-status] [7672] firebase-functions has been stubbed. {"functionsResolution":{"declared":true,"installed":true,"version":"6.3.2","resolution":"C:\\Users\\SHEMA Valentin\\Desktop\\projects\\MealsForYou\\functions\\node_modules\\firebase-functions\\lib\\v2\\index.js"}} {"metadata":{"emulator":{"name":"functions"},"function":{"name":"us-central1-geocode"},"extension":{},"message":"[runtime-status] [7672] firebase-functions has been stubbed. {\"functionsResolution\":{\"declared\":true,\"installed\":true,\"version\":\"6.3.2\",\"resolution\":\"C:\\\\Users\\\\SHEMA Valentin\\\\Desktop\\\\projects\\\\MealsForYou\\\\functions\\\\node_modules\\\\firebase-functions\\\\lib\\\\v2\\\\index.js\"}}"}}
[debug] [2025-06-20T10:04:10.003Z] [runtime-status] [7672] Resolved module firebase-functions {"declared":true,"installed":true,"version":"6.3.2","resolution":"C:\\Users\\SHEMA Valentin\\Desktop\\projects\\MealsForYou\\functions\\node_modules\\firebase-functions\\lib\\v2\\index.js"} {"metadata":{"emulator":{"name":"functions"},"function":{"name":"us-central1-geocode"},"extension":{},"message":"[runtime-status] [7672] Resolved module firebase-functions {\"declared\":true,\"installed\":true,\"version\":\"6.3.2\",\"resolution\":\"C:\\\\Users\\\\SHEMA Valentin\\\\Desktop\\\\projects\\\\MealsForYou\\\\functions\\\\node_modules\\\\firebase-functions\\\\lib\\\\v2\\\\index.js\"}"}}
[debug] [2025-06-20T10:04:10.011Z] [runtime-status] [7672] Resolved module firebase-admin {"declared":true,"installed":true,"version":"12.7.0","resolution":"C:\\Users\\SHEMA Valentin\\Desktop\\projects\\MealsForYou\\functions\\node_modules\\firebase-admin\\lib\\index.js"} {"metadata":{"emulator":{"name":"functions"},"function":{"name":"us-central1-geocode"},"extension":{},"message":"[runtime-status] [7672] Resolved module firebase-admin {\"declared\":true,\"installed\":true,\"version\":\"12.7.0\",\"resolution\":\"C:\\\\Users\\\\SHEMA Valentin\\\\Desktop\\\\projects\\\\MealsForYou\\\\functions\\\\node_modules\\\\firebase-admin\\\\lib\\\\index.js\"}"}}
[debug] [2025-06-20T10:04:10.015Z] [runtime-status] [7672] Resolved module firebase-functions {"declared":true,"installed":true,"version":"6.3.2","resolution":"C:\\Users\\SHEMA Valentin\\Desktop\\projects\\MealsForYou\\functions\\node_modules\\firebase-functions\\lib\\v2\\index.js"} {"metadata":{"emulator":{"name":"functions"},"function":{"name":"us-central1-geocode"},"extension":{},"message":"[runtime-status] [7672] Resolved module firebase-functions {\"declared\":true,\"installed\":true,\"version\":\"6.3.2\",\"resolution\":\"C:\\\\Users\\\\SHEMA Valentin\\\\Desktop\\\\projects\\\\MealsForYou\\\\functions\\\\node_modules\\\\firebase-functions\\\\lib\\\\v2\\\\index.js\"}"}}
[debug] [2025-06-20T10:04:10.016Z] [runtime-status] [7672] firebase-admin has been stubbed. {"adminResolution":{"declared":true,"installed":true,"version":"12.7.0","resolution":"C:\\Users\\SHEMA Valentin\\Desktop\\projects\\MealsForYou\\functions\\node_modules\\firebase-admin\\lib\\index.js"}} {"metadata":{"emulator":{"name":"functions"},"function":{"name":"us-central1-geocode"},"extension":{},"message":"[runtime-status] [7672] firebase-admin has been stubbed. {\"adminResolution\":{\"declared\":true,\"installed\":true,\"version\":\"12.7.0\",\"resolution\":\"C:\\\\Users\\\\SHEMA Valentin\\\\Desktop\\\\projects\\\\MealsForYou\\\\functions\\\\node_modules\\\\firebase-admin\\\\lib\\\\index.js\"}}"}}
[debug] [2025-06-20T10:04:10.028Z] [runtime-status] [7672] Functions runtime initialized. {"cwd":"C:\\Users\\SHEMA Valentin\\Desktop\\projects\\MealsForYou\\functions","node_version":"22.16.0"} {"metadata":{"emulator":{"name":"functions"},"function":{"name":"us-central1-geocode"},"extension":{},"message":"[runtime-status] [7672] Functions runtime initialized. {\"cwd\":\"C:\\\\Users\\\\SHEMA Valentin\\\\Desktop\\\\projects\\\\MealsForYou\\\\functions\",\"node_version\":\"22.16.0\"}"}}
[debug] [2025-06-20T10:04:10.028Z] [runtime-status] [7672] Listening to port: \\?\pipe\fire_emu_c2b4a96c68370bcd {"metadata":{"emulator":{"name":"functions"},"function":{"name":"us-central1-geocode"},"extension":{},"message":"[runtime-status] [7672] Listening to port: \\\\?\\pipe\\fire_emu_c2b4a96c68370bcd"}}
[debug] [2025-06-20T10:04:10.130Z] [worker-us-central1-geocode-2982d1a2-7417-4167-8dc2-f1db50a1ce95]: IDLE {"metadata":{"emulator":{"name":"functions"},"function":{"name":"us-central1-geocode"},"extension":{},"message":"[worker-us-central1-geocode-2982d1a2-7417-4167-8dc2-f1db50a1ce95]: IDLE"}}
[debug] [2025-06-20T10:04:10.131Z] [worker-pool] submitRequest(triggerId=us-central1-geocode) {"metadata":{"emulator":{"name":"functions"},"message":"[worker-pool] submitRequest(triggerId=us-central1-geocode)"}}
[info] i  functions: Beginning execution of "us-central1-geocode" {"metadata":{"emulator":{"name":"functions"},"function":{"name":"us-central1-geocode"},"extension":{},"message":"Beginning execution of \"us-central1-geocode\""}}
[debug] [2025-06-20T10:04:10.132Z] [worker-us-central1-geocode-2982d1a2-7417-4167-8dc2-f1db50a1ce95]: BUSY {"metadata":{"emulator":{"name":"functions"},"function":{"name":"us-central1-geocode"},"extension":{},"message":"[worker-us-central1-geocode-2982d1a2-7417-4167-8dc2-f1db50a1ce95]: BUSY"}}
[debug] [2025-06-20T10:04:10.138Z] Finishing up request with event=pause {"metadata":{"emulator":{"name":"functions"},"function":{"name":"us-central1-geocode"},"extension":{},"message":"Finishing up request with event=pause"}}
[info] i  functions: Finished "us-central1-geocode" in 6.852ms {"metadata":{"emulator":{"name":"functions"},"function":{"name":"us-central1-geocode"},"extension":{},"message":"Finished \"us-central1-geocode\" in 6.852ms"}}
[debug] [2025-06-20T10:04:10.140Z] [worker-us-central1-geocode-2982d1a2-7417-4167-8dc2-f1db50a1ce95]: IDLE {"metadata":{"emulator":{"name":"functions"},"function":{"name":"us-central1-geocode"},"extension":{},"message":"[worker-us-central1-geocode-2982d1a2-7417-4167-8dc2-f1db50a1ce95]: IDLE"}}
[debug] [2025-06-20T10:04:10.140Z] Finishing up request with event=finish {"metadata":{"emulator":{"name":"functions"},"function":{"name":"us-central1-geocode"},"extension":{},"message":"Finishing up request with event=finish"}}
[debug] [2025-06-20T10:04:10.141Z] Finishing up request with event=close {"metadata":{"emulator":{"name":"functions"},"function":{"name":"us-central1-geocode"},"extension":{},"message":"Finishing up request with event=close"}}
[debug] [2025-06-20T10:04:10.141Z] [work-queue] {"queuedWork":[],"queueLength":0,"runningWork":[],"workRunningCount":0}
[debug] [2025-06-20T10:04:12.240Z] [work-queue] {"queuedWork":["/mealsforyou-d1a77/us-central1/placesNearby-2025-06-20T10:04:12.240Z"],"queueLength":1,"runningWork":[],"workRunningCount":0}
[debug] [2025-06-20T10:04:12.241Z] [work-queue] {"queuedWork":[],"queueLength":0,"runningWork":["/mealsforyou-d1a77/us-central1/placesNearby-2025-06-20T10:04:12.240Z"],"workRunningCount":1}
[debug] [2025-06-20T10:04:12.241Z] Accepted request GET /mealsforyou-d1a77/us-central1/placesNearby?city=43.653225,-79.383186 --> us-central1-placesNearby
[debug] [2025-06-20T10:04:12.241Z] [functions] Runtime ready! Sending request! {"metadata":{"emulator":{"name":"functions"},"message":"[functions] Runtime ready! Sending request!"}}
[debug] [2025-06-20T10:04:12.241Z] [functions] Got req.url=/mealsforyou-d1a77/us-central1/placesNearby?city=43.653225,-79.383186, mapping to path=/?city=43.653225,-79.383186 {"metadata":{"emulator":{"name":"functions"},"message":"[functions] Got req.url=/mealsforyou-d1a77/us-central1/placesNearby?city=43.653225,-79.383186, mapping to path=/?city=43.653225,-79.383186"}}
[debug] [2025-06-20T10:04:12.250Z] [worker-pool] addWorker(us-central1-placesNearby) {"metadata":{"emulator":{"name":"functions"},"message":"[worker-pool] addWorker(us-central1-placesNearby)"}}
[debug] [2025-06-20T10:04:12.251Z] [worker-pool] Adding worker with key us-central1-placesNearby, total=1 {"metadata":{"emulator":{"name":"functions"},"message":"[worker-pool] Adding worker with key us-central1-placesNearby, total=1"}}
[debug] [2025-06-20T10:04:14.296Z] [runtime-status] [17272] Resolved module firebase-admin {"declared":true,"installed":true,"version":"12.7.0","resolution":"C:\\Users\\SHEMA Valentin\\Desktop\\projects\\MealsForYou\\functions\\node_modules\\firebase-admin\\lib\\index.js"} {"metadata":{"emulator":{"name":"functions"},"function":{"name":"us-central1-placesNearby"},"extension":{},"message":"[runtime-status] [17272] Resolved module firebase-admin {\"declared\":true,\"installed\":true,\"version\":\"12.7.0\",\"resolution\":\"C:\\\\Users\\\\SHEMA Valentin\\\\Desktop\\\\projects\\\\MealsForYou\\\\functions\\\\node_modules\\\\firebase-admin\\\\lib\\\\index.js\"}"}}
[debug] [2025-06-20T10:04:14.298Z] [runtime-status] [17272] Resolved module firebase-functions {"declared":true,"installed":true,"version":"6.3.2","resolution":"C:\\Users\\SHEMA Valentin\\Desktop\\projects\\MealsForYou\\functions\\node_modules\\firebase-functions\\lib\\v2\\index.js"} {"metadata":{"emulator":{"name":"functions"},"function":{"name":"us-central1-placesNearby"},"extension":{},"message":"[runtime-status] [17272] Resolved module firebase-functions {\"declared\":true,\"installed\":true,\"version\":\"6.3.2\",\"resolution\":\"C:\\\\Users\\\\SHEMA Valentin\\\\Desktop\\\\projects\\\\MealsForYou\\\\functions\\\\node_modules\\\\firebase-functions\\\\lib\\\\v2\\\\index.js\"}"}}
[debug] [2025-06-20T10:04:14.299Z] [runtime-status] [17272] Outgoing network have been stubbed. [{"name":"http","status":"mocked"},{"name":"http","status":"mocked"},{"name":"https","status":"mocked"},{"name":"https","status":"mocked"},{"name":"net","status":"mocked"}] {"metadata":{"emulator":{"name":"functions"},"function":{"name":"us-central1-placesNearby"},"extension":{},"message":"[runtime-status] [17272] Outgoing network have been stubbed. [{\"name\":\"http\",\"status\":\"mocked\"},{\"name\":\"http\",\"status\":\"mocked\"},{\"name\":\"https\",\"status\":\"mocked\"},{\"name\":\"https\",\"status\":\"mocked\"},{\"name\":\"net\",\"status\":\"mocked\"}]"}}
[debug] [2025-06-20T10:04:14.301Z] [runtime-status] [17272] Resolved module firebase-functions {"declared":true,"installed":true,"version":"6.3.2","resolution":"C:\\Users\\SHEMA Valentin\\Desktop\\projects\\MealsForYou\\functions\\node_modules\\firebase-functions\\lib\\v2\\index.js"} {"metadata":{"emulator":{"name":"functions"},"function":{"name":"us-central1-placesNearby"},"extension":{},"message":"[runtime-status] [17272] Resolved module firebase-functions {\"declared\":true,\"installed\":true,\"version\":\"6.3.2\",\"resolution\":\"C:\\\\Users\\\\SHEMA Valentin\\\\Desktop\\\\projects\\\\MealsForYou\\\\functions\\\\node_modules\\\\firebase-functions\\\\lib\\\\v2\\\\index.js\"}"}}
[debug] [2025-06-20T10:04:15.130Z] [runtime-status] [17272] Checked functions.config() {"config":{}} {"metadata":{"emulator":{"name":"functions"},"function":{"name":"us-central1-placesNearby"},"extension":{},"message":"[runtime-status] [17272] Checked functions.config() {\"config\":{}}"}}
[debug] [2025-06-20T10:04:15.130Z] [runtime-status] [17272] firebase-functions has been stubbed. {"functionsResolution":{"declared":true,"installed":true,"version":"6.3.2","resolution":"C:\\Users\\SHEMA Valentin\\Desktop\\projects\\MealsForYou\\functions\\node_modules\\firebase-functions\\lib\\v2\\index.js"}} {"metadata":{"emulator":{"name":"functions"},"function":{"name":"us-central1-placesNearby"},"extension":{},"message":"[runtime-status] [17272] firebase-functions has been stubbed. {\"functionsResolution\":{\"declared\":true,\"installed\":true,\"version\":\"6.3.2\",\"resolution\":\"C:\\\\Users\\\\SHEMA Valentin\\\\Desktop\\\\projects\\\\MealsForYou\\\\functions\\\\node_modules\\\\firebase-functions\\\\lib\\\\v2\\\\index.js\"}}"}}
[debug] [2025-06-20T10:04:15.131Z] [runtime-status] [17272] Resolved module firebase-functions {"declared":true,"installed":true,"version":"6.3.2","resolution":"C:\\Users\\SHEMA Valentin\\Desktop\\projects\\MealsForYou\\functions\\node_modules\\firebase-functions\\lib\\v2\\index.js"} {"metadata":{"emulator":{"name":"functions"},"function":{"name":"us-central1-placesNearby"},"extension":{},"message":"[runtime-status] [17272] Resolved module firebase-functions {\"declared\":true,\"installed\":true,\"version\":\"6.3.2\",\"resolution\":\"C:\\\\Users\\\\SHEMA Valentin\\\\Desktop\\\\projects\\\\MealsForYou\\\\functions\\\\node_modules\\\\firebase-functions\\\\lib\\\\v2\\\\index.js\"}"}}
[debug] [2025-06-20T10:04:15.148Z] [runtime-status] [17272] Resolved module firebase-admin {"declared":true,"installed":true,"version":"12.7.0","resolution":"C:\\Users\\SHEMA Valentin\\Desktop\\projects\\MealsForYou\\functions\\node_modules\\firebase-admin\\lib\\index.js"} {"metadata":{"emulator":{"name":"functions"},"function":{"name":"us-central1-placesNearby"},"extension":{},"message":"[runtime-status] [17272] Resolved module firebase-admin {\"declared\":true,\"installed\":true,\"version\":\"12.7.0\",\"resolution\":\"C:\\\\Users\\\\SHEMA Valentin\\\\Desktop\\\\projects\\\\MealsForYou\\\\functions\\\\node_modules\\\\firebase-admin\\\\lib\\\\index.js\"}"}}
[debug] [2025-06-20T10:04:15.154Z] [runtime-status] [17272] Resolved module firebase-functions {"declared":true,"installed":true,"version":"6.3.2","resolution":"C:\\Users\\SHEMA Valentin\\Desktop\\projects\\MealsForYou\\functions\\node_modules\\firebase-functions\\lib\\v2\\index.js"} {"metadata":{"emulator":{"name":"functions"},"function":{"name":"us-central1-placesNearby"},"extension":{},"message":"[runtime-status] [17272] Resolved module firebase-functions {\"declared\":true,\"installed\":true,\"version\":\"6.3.2\",\"resolution\":\"C:\\\\Users\\\\SHEMA Valentin\\\\Desktop\\\\projects\\\\MealsForYou\\\\functions\\\\node_modules\\\\firebase-functions\\\\lib\\\\v2\\\\index.js\"}"}}
[debug] [2025-06-20T10:04:15.154Z] [runtime-status] [17272] firebase-admin has been stubbed. {"adminResolution":{"declared":true,"installed":true,"version":"12.7.0","resolution":"C:\\Users\\SHEMA Valentin\\Desktop\\projects\\MealsForYou\\functions\\node_modules\\firebase-admin\\lib\\index.js"}} {"metadata":{"emulator":{"name":"functions"},"function":{"name":"us-central1-placesNearby"},"extension":{},"message":"[runtime-status] [17272] firebase-admin has been stubbed. {\"adminResolution\":{\"declared\":true,\"installed\":true,\"version\":\"12.7.0\",\"resolution\":\"C:\\\\Users\\\\SHEMA Valentin\\\\Desktop\\\\projects\\\\MealsForYou\\\\functions\\\\node_modules\\\\firebase-admin\\\\lib\\\\index.js\"}}"}}
[debug] [2025-06-20T10:04:15.173Z] [runtime-status] [17272] Functions runtime initialized. {"cwd":"C:\\Users\\SHEMA Valentin\\Desktop\\projects\\MealsForYou\\functions","node_version":"22.16.0"} {"metadata":{"emulator":{"name":"functions"},"function":{"name":"us-central1-placesNearby"},"extension":{},"message":"[runtime-status] [17272] Functions runtime initialized. {\"cwd\":\"C:\\\\Users\\\\SHEMA Valentin\\\\Desktop\\\\projects\\\\MealsForYou\\\\functions\",\"node_version\":\"22.16.0\"}"}}
[debug] [2025-06-20T10:04:15.174Z] [runtime-status] [17272] Listening to port: \\?\pipe\fire_emu_3d4a33d46342bd9e {"metadata":{"emulator":{"name":"functions"},"function":{"name":"us-central1-placesNearby"},"extension":{},"message":"[runtime-status] [17272] Listening to port: \\\\?\\pipe\\fire_emu_3d4a33d46342bd9e"}}
[debug] [2025-06-20T10:04:15.234Z] [worker-us-central1-placesNearby-3b2f9950-413d-4d07-bd96-9364fe84d4d0]: IDLE {"metadata":{"emulator":{"name":"functions"},"function":{"name":"us-central1-placesNearby"},"extension":{},"message":"[worker-us-central1-placesNearby-3b2f9950-413d-4d07-bd96-9364fe84d4d0]: IDLE"}}
[debug] [2025-06-20T10:04:15.234Z] [worker-pool] submitRequest(triggerId=us-central1-placesNearby) {"metadata":{"emulator":{"name":"functions"},"message":"[worker-pool] submitRequest(triggerId=us-central1-placesNearby)"}}
[info] i  functions: Beginning execution of "us-central1-placesNearby" {"metadata":{"emulator":{"name":"functions"},"function":{"name":"us-central1-placesNearby"},"extension":{},"message":"Beginning execution of \"us-central1-placesNearby\""}}
[debug] [2025-06-20T10:04:15.235Z] [worker-us-central1-placesNearby-3b2f9950-413d-4d07-bd96-9364fe84d4d0]: BUSY {"metadata":{"emulator":{"name":"functions"},"function":{"name":"us-central1-placesNearby"},"extension":{},"message":"[worker-us-central1-placesNearby-3b2f9950-413d-4d07-bd96-9364fe84d4d0]: BUSY"}}
[debug] [2025-06-20T10:04:15.242Z] Finishing up request with event=pause {"metadata":{"emulator":{"name":"functions"},"function":{"name":"us-central1-placesNearby"},"extension":{},"message":"Finishing up request with event=pause"}}
[info] i  functions: Finished "us-central1-placesNearby" in 6.8307ms {"metadata":{"emulator":{"name":"functions"},"function":{"name":"us-central1-placesNearby"},"extension":{},"message":"Finished \"us-central1-placesNearby\" in 6.8307ms"}}
[debug] [2025-06-20T10:04:15.243Z] [worker-us-central1-placesNearby-3b2f9950-413d-4d07-bd96-9364fe84d4d0]: IDLE {"metadata":{"emulator":{"name":"functions"},"function":{"name":"us-central1-placesNearby"},"extension":{},"message":"[worker-us-central1-placesNearby-3b2f9950-413d-4d07-bd96-9364fe84d4d0]: IDLE"}}
[debug] [2025-06-20T10:04:15.243Z] Finishing up request with event=finish {"metadata":{"emulator":{"name":"functions"},"function":{"name":"us-central1-placesNearby"},"extension":{},"message":"Finishing up request with event=finish"}}
[debug] [2025-06-20T10:04:15.244Z] Finishing up request with event=close {"metadata":{"emulator":{"name":"functions"},"function":{"name":"us-central1-placesNearby"},"extension":{},"message":"Finishing up request with event=close"}}
[debug] [2025-06-20T10:04:15.244Z] [work-queue] {"queuedWork":[],"queueLength":0,"runningWork":[],"workRunningCount":0}
[debug] [2025-06-20T11:05:28.356Z] File C:\Users\SHEMA Valentin\Desktop\projects\MealsForYou\functions\places\mock\index.js changed, reloading triggers {"metadata":{"emulator":{"name":"functions"},"message":"File C:\\Users\\SHEMA Valentin\\Desktop\\projects\\MealsForYou\\functions\\places\\mock\\index.js changed, reloading triggers"}}
[debug] [2025-06-20T11:05:29.368Z] Validating nodejs source
[debug] [2025-06-20T11:05:31.406Z] > [functions] package.json contents: {
  "name": "functions",
  "description": "Cloud Functions for Firebase",
  "scripts": {
    "lint": "eslint .",
    "serve": "firebase emulators:start --only functions",
    "shell": "firebase functions:shell",
    "start": "npm run shell",
    "deploy": "firebase deploy --only functions",
    "logs": "firebase functions:log"
  },
  "engines": {
    "node": "22"
  },
  "main": "index.js",
  "dependencies": {
    "firebase-admin": "^12.6.0",
    "firebase-functions": "^6.0.1"
  },
  "devDependencies": {
    "eslint": "^8.15.0",
    "eslint-config-google": "^0.14.0",
    "firebase-functions-test": "^3.1.0"
  },
  "private": true
}
[debug] [2025-06-20T11:05:31.406Z] Building nodejs source
[debug] [2025-06-20T11:05:31.406Z] Failed to find version of module node: reached end of search path C:\Users\SHEMA Valentin\Desktop\projects\MealsForYou\functions\node_modules
[info] +  functions: Using node@22 from host. 
[debug] [2025-06-20T11:05:31.408Z] Could not find functions.yaml. Must use http discovery
[debug] [2025-06-20T11:05:31.419Z] Found firebase-functions binary at 'C:\Users\SHEMA Valentin\Desktop\projects\MealsForYou\functions\node_modules\.bin\firebase-functions'
[info] Serving at port 8802

[debug] [2025-06-20T11:05:31.980Z] Got response from /__/functions.yaml {"endpoints":{"geocode":{"availableMemoryMb":null,"timeoutSeconds":null,"minInstances":null,"maxInstances":null,"ingressSettings":null,"concurrency":null,"serviceAccountEmail":null,"vpc":null,"platform":"gcfv2","labels":{},"httpsTrigger":{},"entryPoint":"geocode"},"placesNearby":{"availableMemoryMb":null,"timeoutSeconds":null,"minInstances":null,"maxInstances":null,"ingressSettings":null,"concurrency":null,"serviceAccountEmail":null,"vpc":null,"platform":"gcfv2","labels":{},"httpsTrigger":{},"entryPoint":"placesNearby"}},"specVersion":"v1alpha1","requiredAPIs":[],"extensions":{}}
[info] +  functions: Loaded functions definitions from source: geocode, placesNearby. {"metadata":{"emulator":{"name":"functions"},"message":"Loaded functions definitions from source: geocode, placesNearby."}}
[debug] [2025-06-20T11:05:36.011Z] [worker-pool] Shutting down IDLE worker (us-central1-geocode) {"metadata":{"emulator":{"name":"functions"},"message":"[worker-pool] Shutting down IDLE worker (us-central1-geocode)"}}
[debug] [2025-06-20T11:05:36.011Z] [worker-us-central1-geocode-2982d1a2-7417-4167-8dc2-f1db50a1ce95]: FINISHING {"metadata":{"emulator":{"name":"functions"},"function":{"name":"us-central1-geocode"},"extension":{},"message":"[worker-us-central1-geocode-2982d1a2-7417-4167-8dc2-f1db50a1ce95]: FINISHING"}}
[debug] [2025-06-20T11:05:36.011Z] [worker-pool] Shutting down IDLE worker (us-central1-placesNearby) {"metadata":{"emulator":{"name":"functions"},"message":"[worker-pool] Shutting down IDLE worker (us-central1-placesNearby)"}}
[debug] [2025-06-20T11:05:36.012Z] [worker-us-central1-placesNearby-3b2f9950-413d-4d07-bd96-9364fe84d4d0]: FINISHING {"metadata":{"emulator":{"name":"functions"},"function":{"name":"us-central1-placesNearby"},"extension":{},"message":"[worker-us-central1-placesNearby-3b2f9950-413d-4d07-bd96-9364fe84d4d0]: FINISHING"}}
[debug] [2025-06-20T11:05:36.023Z] [worker-us-central1-geocode-2982d1a2-7417-4167-8dc2-f1db50a1ce95]: exited {"metadata":{"emulator":{"name":"functions"},"function":{"name":"us-central1-geocode"},"extension":{},"message":"[worker-us-central1-geocode-2982d1a2-7417-4167-8dc2-f1db50a1ce95]: exited"}}
[debug] [2025-06-20T11:05:36.023Z] [worker-us-central1-geocode-2982d1a2-7417-4167-8dc2-f1db50a1ce95]: FINISHED {"metadata":{"emulator":{"name":"functions"},"function":{"name":"us-central1-geocode"},"extension":{},"message":"[worker-us-central1-geocode-2982d1a2-7417-4167-8dc2-f1db50a1ce95]: FINISHED"}}
[debug] [2025-06-20T11:05:36.030Z] [worker-us-central1-placesNearby-3b2f9950-413d-4d07-bd96-9364fe84d4d0]: exited {"metadata":{"emulator":{"name":"functions"},"function":{"name":"us-central1-placesNearby"},"extension":{},"message":"[worker-us-central1-placesNearby-3b2f9950-413d-4d07-bd96-9364fe84d4d0]: exited"}}
[debug] [2025-06-20T11:05:36.030Z] [worker-us-central1-placesNearby-3b2f9950-413d-4d07-bd96-9364fe84d4d0]: FINISHED {"metadata":{"emulator":{"name":"functions"},"function":{"name":"us-central1-placesNearby"},"extension":{},"message":"[worker-us-central1-placesNearby-3b2f9950-413d-4d07-bd96-9364fe84d4d0]: FINISHED"}}
[debug] [2025-06-20T11:21:18.635Z] [work-queue] {"queuedWork":["/mealsforyou-d1a77/us-central1/geocode-2025-06-20T11:21:18.635Z"],"queueLength":1,"runningWork":[],"workRunningCount":0}
[debug] [2025-06-20T11:21:18.636Z] [work-queue] {"queuedWork":[],"queueLength":0,"runningWork":["/mealsforyou-d1a77/us-central1/geocode-2025-06-20T11:21:18.635Z"],"workRunningCount":1}
[debug] [2025-06-20T11:21:18.636Z] Accepted request GET /mealsforyou-d1a77/us-central1/geocode?city=toronto --> us-central1-geocode
[debug] [2025-06-20T11:21:18.637Z] [functions] Runtime ready! Sending request! {"metadata":{"emulator":{"name":"functions"},"message":"[functions] Runtime ready! Sending request!"}}
[debug] [2025-06-20T11:21:18.637Z] [functions] Got req.url=/mealsforyou-d1a77/us-central1/geocode?city=toronto, mapping to path=/?city=toronto {"metadata":{"emulator":{"name":"functions"},"message":"[functions] Got req.url=/mealsforyou-d1a77/us-central1/geocode?city=toronto, mapping to path=/?city=toronto"}}
[debug] [2025-06-20T11:21:18.637Z] [worker-pool] Cleaned up workers for us-central1-geocode: 1 --> 0 {"metadata":{"emulator":{"name":"functions"},"message":"[worker-pool] Cleaned up workers for us-central1-geocode: 1 --> 0"}}
[debug] [2025-06-20T11:21:18.637Z] [worker-pool] Cleaned up workers for us-central1-placesNearby: 1 --> 0 {"metadata":{"emulator":{"name":"functions"},"message":"[worker-pool] Cleaned up workers for us-central1-placesNearby: 1 --> 0"}}
[debug] [2025-06-20T11:21:18.643Z] [worker-pool] addWorker(us-central1-geocode) {"metadata":{"emulator":{"name":"functions"},"message":"[worker-pool] addWorker(us-central1-geocode)"}}
[debug] [2025-06-20T11:21:18.643Z] [worker-pool] Adding worker with key us-central1-geocode, total=1 {"metadata":{"emulator":{"name":"functions"},"message":"[worker-pool] Adding worker with key us-central1-geocode, total=1"}}
[debug] [2025-06-20T11:21:20.021Z] [runtime-status] [12224] Resolved module firebase-admin {"declared":true,"installed":true,"version":"12.7.0","resolution":"C:\\Users\\SHEMA Valentin\\Desktop\\projects\\MealsForYou\\functions\\node_modules\\firebase-admin\\lib\\index.js"} {"metadata":{"emulator":{"name":"functions"},"function":{"name":"us-central1-geocode"},"extension":{},"message":"[runtime-status] [12224] Resolved module firebase-admin {\"declared\":true,\"installed\":true,\"version\":\"12.7.0\",\"resolution\":\"C:\\\\Users\\\\SHEMA Valentin\\\\Desktop\\\\projects\\\\MealsForYou\\\\functions\\\\node_modules\\\\firebase-admin\\\\lib\\\\index.js\"}"}}
[debug] [2025-06-20T11:21:20.023Z] [runtime-status] [12224] Resolved module firebase-functions {"declared":true,"installed":true,"version":"6.3.2","resolution":"C:\\Users\\SHEMA Valentin\\Desktop\\projects\\MealsForYou\\functions\\node_modules\\firebase-functions\\lib\\v2\\index.js"} {"metadata":{"emulator":{"name":"functions"},"function":{"name":"us-central1-geocode"},"extension":{},"message":"[runtime-status] [12224] Resolved module firebase-functions {\"declared\":true,\"installed\":true,\"version\":\"6.3.2\",\"resolution\":\"C:\\\\Users\\\\SHEMA Valentin\\\\Desktop\\\\projects\\\\MealsForYou\\\\functions\\\\node_modules\\\\firebase-functions\\\\lib\\\\v2\\\\index.js\"}"}}
[debug] [2025-06-20T11:21:20.023Z] [runtime-status] [12224] Outgoing network have been stubbed. [{"name":"http","status":"mocked"},{"name":"http","status":"mocked"},{"name":"https","status":"mocked"},{"name":"https","status":"mocked"},{"name":"net","status":"mocked"}] {"metadata":{"emulator":{"name":"functions"},"function":{"name":"us-central1-geocode"},"extension":{},"message":"[runtime-status] [12224] Outgoing network have been stubbed. [{\"name\":\"http\",\"status\":\"mocked\"},{\"name\":\"http\",\"status\":\"mocked\"},{\"name\":\"https\",\"status\":\"mocked\"},{\"name\":\"https\",\"status\":\"mocked\"},{\"name\":\"net\",\"status\":\"mocked\"}]"}}
[debug] [2025-06-20T11:21:20.024Z] [runtime-status] [12224] Resolved module firebase-functions {"declared":true,"installed":true,"version":"6.3.2","resolution":"C:\\Users\\SHEMA Valentin\\Desktop\\projects\\MealsForYou\\functions\\node_modules\\firebase-functions\\lib\\v2\\index.js"} {"metadata":{"emulator":{"name":"functions"},"function":{"name":"us-central1-geocode"},"extension":{},"message":"[runtime-status] [12224] Resolved module firebase-functions {\"declared\":true,\"installed\":true,\"version\":\"6.3.2\",\"resolution\":\"C:\\\\Users\\\\SHEMA Valentin\\\\Desktop\\\\projects\\\\MealsForYou\\\\functions\\\\node_modules\\\\firebase-functions\\\\lib\\\\v2\\\\index.js\"}"}}
[debug] [2025-06-20T11:21:20.524Z] [runtime-status] [12224] Checked functions.config() {"config":{}} {"metadata":{"emulator":{"name":"functions"},"function":{"name":"us-central1-geocode"},"extension":{},"message":"[runtime-status] [12224] Checked functions.config() {\"config\":{}}"}}
[debug] [2025-06-20T11:21:20.524Z] [runtime-status] [12224] firebase-functions has been stubbed. {"functionsResolution":{"declared":true,"installed":true,"version":"6.3.2","resolution":"C:\\Users\\SHEMA Valentin\\Desktop\\projects\\MealsForYou\\functions\\node_modules\\firebase-functions\\lib\\v2\\index.js"}} {"metadata":{"emulator":{"name":"functions"},"function":{"name":"us-central1-geocode"},"extension":{},"message":"[runtime-status] [12224] firebase-functions has been stubbed. {\"functionsResolution\":{\"declared\":true,\"installed\":true,\"version\":\"6.3.2\",\"resolution\":\"C:\\\\Users\\\\SHEMA Valentin\\\\Desktop\\\\projects\\\\MealsForYou\\\\functions\\\\node_modules\\\\firebase-functions\\\\lib\\\\v2\\\\index.js\"}}"}}
[debug] [2025-06-20T11:21:20.525Z] [runtime-status] [12224] Resolved module firebase-functions {"declared":true,"installed":true,"version":"6.3.2","resolution":"C:\\Users\\SHEMA Valentin\\Desktop\\projects\\MealsForYou\\functions\\node_modules\\firebase-functions\\lib\\v2\\index.js"} {"metadata":{"emulator":{"name":"functions"},"function":{"name":"us-central1-geocode"},"extension":{},"message":"[runtime-status] [12224] Resolved module firebase-functions {\"declared\":true,\"installed\":true,\"version\":\"6.3.2\",\"resolution\":\"C:\\\\Users\\\\SHEMA Valentin\\\\Desktop\\\\projects\\\\MealsForYou\\\\functions\\\\node_modules\\\\firebase-functions\\\\lib\\\\v2\\\\index.js\"}"}}
[debug] [2025-06-20T11:21:20.531Z] [runtime-status] [12224] Resolved module firebase-admin {"declared":true,"installed":true,"version":"12.7.0","resolution":"C:\\Users\\SHEMA Valentin\\Desktop\\projects\\MealsForYou\\functions\\node_modules\\firebase-admin\\lib\\index.js"} {"metadata":{"emulator":{"name":"functions"},"function":{"name":"us-central1-geocode"},"extension":{},"message":"[runtime-status] [12224] Resolved module firebase-admin {\"declared\":true,\"installed\":true,\"version\":\"12.7.0\",\"resolution\":\"C:\\\\Users\\\\SHEMA Valentin\\\\Desktop\\\\projects\\\\MealsForYou\\\\functions\\\\node_modules\\\\firebase-admin\\\\lib\\\\index.js\"}"}}
[debug] [2025-06-20T11:21:20.534Z] [runtime-status] [12224] Resolved module firebase-functions {"declared":true,"installed":true,"version":"6.3.2","resolution":"C:\\Users\\SHEMA Valentin\\Desktop\\projects\\MealsForYou\\functions\\node_modules\\firebase-functions\\lib\\v2\\index.js"} {"metadata":{"emulator":{"name":"functions"},"function":{"name":"us-central1-geocode"},"extension":{},"message":"[runtime-status] [12224] Resolved module firebase-functions {\"declared\":true,\"installed\":true,\"version\":\"6.3.2\",\"resolution\":\"C:\\\\Users\\\\SHEMA Valentin\\\\Desktop\\\\projects\\\\MealsForYou\\\\functions\\\\node_modules\\\\firebase-functions\\\\lib\\\\v2\\\\index.js\"}"}}
[debug] [2025-06-20T11:21:20.534Z] [runtime-status] [12224] firebase-admin has been stubbed. {"adminResolution":{"declared":true,"installed":true,"version":"12.7.0","resolution":"C:\\Users\\SHEMA Valentin\\Desktop\\projects\\MealsForYou\\functions\\node_modules\\firebase-admin\\lib\\index.js"}} {"metadata":{"emulator":{"name":"functions"},"function":{"name":"us-central1-geocode"},"extension":{},"message":"[runtime-status] [12224] firebase-admin has been stubbed. {\"adminResolution\":{\"declared\":true,\"installed\":true,\"version\":\"12.7.0\",\"resolution\":\"C:\\\\Users\\\\SHEMA Valentin\\\\Desktop\\\\projects\\\\MealsForYou\\\\functions\\\\node_modules\\\\firebase-admin\\\\lib\\\\index.js\"}}"}}
[debug] [2025-06-20T11:21:20.546Z] [runtime-status] [12224] Functions runtime initialized. {"cwd":"C:\\Users\\SHEMA Valentin\\Desktop\\projects\\MealsForYou\\functions","node_version":"22.16.0"} {"metadata":{"emulator":{"name":"functions"},"function":{"name":"us-central1-geocode"},"extension":{},"message":"[runtime-status] [12224] Functions runtime initialized. {\"cwd\":\"C:\\\\Users\\\\SHEMA Valentin\\\\Desktop\\\\projects\\\\MealsForYou\\\\functions\",\"node_version\":\"22.16.0\"}"}}
[debug] [2025-06-20T11:21:20.546Z] [runtime-status] [12224] Listening to port: \\?\pipe\fire_emu_73b10cf1e0a3ca57 {"metadata":{"emulator":{"name":"functions"},"function":{"name":"us-central1-geocode"},"extension":{},"message":"[runtime-status] [12224] Listening to port: \\\\?\\pipe\\fire_emu_73b10cf1e0a3ca57"}}
[debug] [2025-06-20T11:21:20.633Z] [worker-us-central1-geocode-5bbae391-d50b-4647-a8f5-3795a4754d4e]: IDLE {"metadata":{"emulator":{"name":"functions"},"function":{"name":"us-central1-geocode"},"extension":{},"message":"[worker-us-central1-geocode-5bbae391-d50b-4647-a8f5-3795a4754d4e]: IDLE"}}
[debug] [2025-06-20T11:21:20.633Z] [worker-pool] submitRequest(triggerId=us-central1-geocode) {"metadata":{"emulator":{"name":"functions"},"message":"[worker-pool] submitRequest(triggerId=us-central1-geocode)"}}
[info] i  functions: Beginning execution of "us-central1-geocode" {"metadata":{"emulator":{"name":"functions"},"function":{"name":"us-central1-geocode"},"extension":{},"message":"Beginning execution of \"us-central1-geocode\""}}
[debug] [2025-06-20T11:21:20.634Z] [worker-us-central1-geocode-5bbae391-d50b-4647-a8f5-3795a4754d4e]: BUSY {"metadata":{"emulator":{"name":"functions"},"function":{"name":"us-central1-geocode"},"extension":{},"message":"[worker-us-central1-geocode-5bbae391-d50b-4647-a8f5-3795a4754d4e]: BUSY"}}
[debug] [2025-06-20T11:21:20.640Z] Finishing up request with event=pause {"metadata":{"emulator":{"name":"functions"},"function":{"name":"us-central1-geocode"},"extension":{},"message":"Finishing up request with event=pause"}}
[info] i  functions: Finished "us-central1-geocode" in 5.8904ms {"metadata":{"emulator":{"name":"functions"},"function":{"name":"us-central1-geocode"},"extension":{},"message":"Finished \"us-central1-geocode\" in 5.8904ms"}}
[debug] [2025-06-20T11:21:20.640Z] [worker-us-central1-geocode-5bbae391-d50b-4647-a8f5-3795a4754d4e]: IDLE {"metadata":{"emulator":{"name":"functions"},"function":{"name":"us-central1-geocode"},"extension":{},"message":"[worker-us-central1-geocode-5bbae391-d50b-4647-a8f5-3795a4754d4e]: IDLE"}}
[debug] [2025-06-20T11:21:20.641Z] Finishing up request with event=finish {"metadata":{"emulator":{"name":"functions"},"function":{"name":"us-central1-geocode"},"extension":{},"message":"Finishing up request with event=finish"}}
[debug] [2025-06-20T11:21:20.641Z] Finishing up request with event=close {"metadata":{"emulator":{"name":"functions"},"function":{"name":"us-central1-geocode"},"extension":{},"message":"Finishing up request with event=close"}}
[debug] [2025-06-20T11:21:20.641Z] [work-queue] {"queuedWork":[],"queueLength":0,"runningWork":[],"workRunningCount":0}
[debug] [2025-06-20T11:21:22.732Z] [work-queue] {"queuedWork":["/mealsforyou-d1a77/us-central1/placesNearby-2025-06-20T11:21:22.732Z"],"queueLength":1,"runningWork":[],"workRunningCount":0}
[debug] [2025-06-20T11:21:22.732Z] [work-queue] {"queuedWork":[],"queueLength":0,"runningWork":["/mealsforyou-d1a77/us-central1/placesNearby-2025-06-20T11:21:22.732Z"],"workRunningCount":1}
[debug] [2025-06-20T11:21:22.732Z] Accepted request GET /mealsforyou-d1a77/us-central1/placesNearby?city=43.653225,-79.383186 --> us-central1-placesNearby
[debug] [2025-06-20T11:21:22.733Z] [functions] Runtime ready! Sending request! {"metadata":{"emulator":{"name":"functions"},"message":"[functions] Runtime ready! Sending request!"}}
[debug] [2025-06-20T11:21:22.733Z] [functions] Got req.url=/mealsforyou-d1a77/us-central1/placesNearby?city=43.653225,-79.383186, mapping to path=/?city=43.653225,-79.383186 {"metadata":{"emulator":{"name":"functions"},"message":"[functions] Got req.url=/mealsforyou-d1a77/us-central1/placesNearby?city=43.653225,-79.383186, mapping to path=/?city=43.653225,-79.383186"}}
[debug] [2025-06-20T11:21:22.742Z] [worker-pool] addWorker(us-central1-placesNearby) {"metadata":{"emulator":{"name":"functions"},"message":"[worker-pool] addWorker(us-central1-placesNearby)"}}
[debug] [2025-06-20T11:21:22.742Z] [worker-pool] Adding worker with key us-central1-placesNearby, total=1 {"metadata":{"emulator":{"name":"functions"},"message":"[worker-pool] Adding worker with key us-central1-placesNearby, total=1"}}
[debug] [2025-06-20T11:21:24.544Z] [runtime-status] [9568] Resolved module firebase-admin {"declared":true,"installed":true,"version":"12.7.0","resolution":"C:\\Users\\SHEMA Valentin\\Desktop\\projects\\MealsForYou\\functions\\node_modules\\firebase-admin\\lib\\index.js"} {"metadata":{"emulator":{"name":"functions"},"function":{"name":"us-central1-placesNearby"},"extension":{},"message":"[runtime-status] [9568] Resolved module firebase-admin {\"declared\":true,\"installed\":true,\"version\":\"12.7.0\",\"resolution\":\"C:\\\\Users\\\\SHEMA Valentin\\\\Desktop\\\\projects\\\\MealsForYou\\\\functions\\\\node_modules\\\\firebase-admin\\\\lib\\\\index.js\"}"}}
[debug] [2025-06-20T11:21:24.547Z] [runtime-status] [9568] Resolved module firebase-functions {"declared":true,"installed":true,"version":"6.3.2","resolution":"C:\\Users\\SHEMA Valentin\\Desktop\\projects\\MealsForYou\\functions\\node_modules\\firebase-functions\\lib\\v2\\index.js"} {"metadata":{"emulator":{"name":"functions"},"function":{"name":"us-central1-placesNearby"},"extension":{},"message":"[runtime-status] [9568] Resolved module firebase-functions {\"declared\":true,\"installed\":true,\"version\":\"6.3.2\",\"resolution\":\"C:\\\\Users\\\\SHEMA Valentin\\\\Desktop\\\\projects\\\\MealsForYou\\\\functions\\\\node_modules\\\\firebase-functions\\\\lib\\\\v2\\\\index.js\"}"}}
[debug] [2025-06-20T11:21:24.548Z] [runtime-status] [9568] Outgoing network have been stubbed. [{"name":"http","status":"mocked"},{"name":"http","status":"mocked"},{"name":"https","status":"mocked"},{"name":"https","status":"mocked"},{"name":"net","status":"mocked"}] {"metadata":{"emulator":{"name":"functions"},"function":{"name":"us-central1-placesNearby"},"extension":{},"message":"[runtime-status] [9568] Outgoing network have been stubbed. [{\"name\":\"http\",\"status\":\"mocked\"},{\"name\":\"http\",\"status\":\"mocked\"},{\"name\":\"https\",\"status\":\"mocked\"},{\"name\":\"https\",\"status\":\"mocked\"},{\"name\":\"net\",\"status\":\"mocked\"}]"}}
[debug] [2025-06-20T11:21:24.549Z] [runtime-status] [9568] Resolved module firebase-functions {"declared":true,"installed":true,"version":"6.3.2","resolution":"C:\\Users\\SHEMA Valentin\\Desktop\\projects\\MealsForYou\\functions\\node_modules\\firebase-functions\\lib\\v2\\index.js"} {"metadata":{"emulator":{"name":"functions"},"function":{"name":"us-central1-placesNearby"},"extension":{},"message":"[runtime-status] [9568] Resolved module firebase-functions {\"declared\":true,\"installed\":true,\"version\":\"6.3.2\",\"resolution\":\"C:\\\\Users\\\\SHEMA Valentin\\\\Desktop\\\\projects\\\\MealsForYou\\\\functions\\\\node_modules\\\\firebase-functions\\\\lib\\\\v2\\\\index.js\"}"}}
[debug] [2025-06-20T11:21:25.110Z] [runtime-status] [9568] Checked functions.config() {"config":{}} {"metadata":{"emulator":{"name":"functions"},"function":{"name":"us-central1-placesNearby"},"extension":{},"message":"[runtime-status] [9568] Checked functions.config() {\"config\":{}}"}}
[debug] [2025-06-20T11:21:25.110Z] [runtime-status] [9568] firebase-functions has been stubbed. {"functionsResolution":{"declared":true,"installed":true,"version":"6.3.2","resolution":"C:\\Users\\SHEMA Valentin\\Desktop\\projects\\MealsForYou\\functions\\node_modules\\firebase-functions\\lib\\v2\\index.js"}} {"metadata":{"emulator":{"name":"functions"},"function":{"name":"us-central1-placesNearby"},"extension":{},"message":"[runtime-status] [9568] firebase-functions has been stubbed. {\"functionsResolution\":{\"declared\":true,\"installed\":true,\"version\":\"6.3.2\",\"resolution\":\"C:\\\\Users\\\\SHEMA Valentin\\\\Desktop\\\\projects\\\\MealsForYou\\\\functions\\\\node_modules\\\\firebase-functions\\\\lib\\\\v2\\\\index.js\"}}"}}
[debug] [2025-06-20T11:21:25.111Z] [runtime-status] [9568] Resolved module firebase-functions {"declared":true,"installed":true,"version":"6.3.2","resolution":"C:\\Users\\SHEMA Valentin\\Desktop\\projects\\MealsForYou\\functions\\node_modules\\firebase-functions\\lib\\v2\\index.js"} {"metadata":{"emulator":{"name":"functions"},"function":{"name":"us-central1-placesNearby"},"extension":{},"message":"[runtime-status] [9568] Resolved module firebase-functions {\"declared\":true,\"installed\":true,\"version\":\"6.3.2\",\"resolution\":\"C:\\\\Users\\\\SHEMA Valentin\\\\Desktop\\\\projects\\\\MealsForYou\\\\functions\\\\node_modules\\\\firebase-functions\\\\lib\\\\v2\\\\index.js\"}"}}
[debug] [2025-06-20T11:21:25.121Z] [runtime-status] [9568] Resolved module firebase-admin {"declared":true,"installed":true,"version":"12.7.0","resolution":"C:\\Users\\SHEMA Valentin\\Desktop\\projects\\MealsForYou\\functions\\node_modules\\firebase-admin\\lib\\index.js"} {"metadata":{"emulator":{"name":"functions"},"function":{"name":"us-central1-placesNearby"},"extension":{},"message":"[runtime-status] [9568] Resolved module firebase-admin {\"declared\":true,\"installed\":true,\"version\":\"12.7.0\",\"resolution\":\"C:\\\\Users\\\\SHEMA Valentin\\\\Desktop\\\\projects\\\\MealsForYou\\\\functions\\\\node_modules\\\\firebase-admin\\\\lib\\\\index.js\"}"}}
[debug] [2025-06-20T11:21:25.126Z] [runtime-status] [9568] Resolved module firebase-functions {"declared":true,"installed":true,"version":"6.3.2","resolution":"C:\\Users\\SHEMA Valentin\\Desktop\\projects\\MealsForYou\\functions\\node_modules\\firebase-functions\\lib\\v2\\index.js"} {"metadata":{"emulator":{"name":"functions"},"function":{"name":"us-central1-placesNearby"},"extension":{},"message":"[runtime-status] [9568] Resolved module firebase-functions {\"declared\":true,\"installed\":true,\"version\":\"6.3.2\",\"resolution\":\"C:\\\\Users\\\\SHEMA Valentin\\\\Desktop\\\\projects\\\\MealsForYou\\\\functions\\\\node_modules\\\\firebase-functions\\\\lib\\\\v2\\\\index.js\"}"}}
[debug] [2025-06-20T11:21:25.126Z] [runtime-status] [9568] firebase-admin has been stubbed. {"adminResolution":{"declared":true,"installed":true,"version":"12.7.0","resolution":"C:\\Users\\SHEMA Valentin\\Desktop\\projects\\MealsForYou\\functions\\node_modules\\firebase-admin\\lib\\index.js"}} {"metadata":{"emulator":{"name":"functions"},"function":{"name":"us-central1-placesNearby"},"extension":{},"message":"[runtime-status] [9568] firebase-admin has been stubbed. {\"adminResolution\":{\"declared\":true,\"installed\":true,\"version\":\"12.7.0\",\"resolution\":\"C:\\\\Users\\\\SHEMA Valentin\\\\Desktop\\\\projects\\\\MealsForYou\\\\functions\\\\node_modules\\\\firebase-admin\\\\lib\\\\index.js\"}}"}}
[debug] [2025-06-20T11:21:25.147Z] [runtime-status] [9568] Functions runtime initialized. {"cwd":"C:\\Users\\SHEMA Valentin\\Desktop\\projects\\MealsForYou\\functions","node_version":"22.16.0"} {"metadata":{"emulator":{"name":"functions"},"function":{"name":"us-central1-placesNearby"},"extension":{},"message":"[runtime-status] [9568] Functions runtime initialized. {\"cwd\":\"C:\\\\Users\\\\SHEMA Valentin\\\\Desktop\\\\projects\\\\MealsForYou\\\\functions\",\"node_version\":\"22.16.0\"}"}}
[debug] [2025-06-20T11:21:25.148Z] [runtime-status] [9568] Listening to port: \\?\pipe\fire_emu_cf26ff03b491c874 {"metadata":{"emulator":{"name":"functions"},"function":{"name":"us-central1-placesNearby"},"extension":{},"message":"[runtime-status] [9568] Listening to port: \\\\?\\pipe\\fire_emu_cf26ff03b491c874"}}
[debug] [2025-06-20T11:21:25.165Z] [worker-us-central1-placesNearby-e35847ee-7a4c-449f-9d4e-f40fc518c426]: IDLE {"metadata":{"emulator":{"name":"functions"},"function":{"name":"us-central1-placesNearby"},"extension":{},"message":"[worker-us-central1-placesNearby-e35847ee-7a4c-449f-9d4e-f40fc518c426]: IDLE"}}
[debug] [2025-06-20T11:21:25.166Z] [worker-pool] submitRequest(triggerId=us-central1-placesNearby) {"metadata":{"emulator":{"name":"functions"},"message":"[worker-pool] submitRequest(triggerId=us-central1-placesNearby)"}}
[info] i  functions: Beginning execution of "us-central1-placesNearby" {"metadata":{"emulator":{"name":"functions"},"function":{"name":"us-central1-placesNearby"},"extension":{},"message":"Beginning execution of \"us-central1-placesNearby\""}}
[debug] [2025-06-20T11:21:25.167Z] [worker-us-central1-placesNearby-e35847ee-7a4c-449f-9d4e-f40fc518c426]: BUSY {"metadata":{"emulator":{"name":"functions"},"function":{"name":"us-central1-placesNearby"},"extension":{},"message":"[worker-us-central1-placesNearby-e35847ee-7a4c-449f-9d4e-f40fc518c426]: BUSY"}}
[debug] [2025-06-20T11:21:25.173Z] Finishing up request with event=pause {"metadata":{"emulator":{"name":"functions"},"function":{"name":"us-central1-placesNearby"},"extension":{},"message":"Finishing up request with event=pause"}}
[info] i  functions: Finished "us-central1-placesNearby" in 6.6143ms {"metadata":{"emulator":{"name":"functions"},"function":{"name":"us-central1-placesNearby"},"extension":{},"message":"Finished \"us-central1-placesNearby\" in 6.6143ms"}}
[debug] [2025-06-20T11:21:25.174Z] [worker-us-central1-placesNearby-e35847ee-7a4c-449f-9d4e-f40fc518c426]: IDLE {"metadata":{"emulator":{"name":"functions"},"function":{"name":"us-central1-placesNearby"},"extension":{},"message":"[worker-us-central1-placesNearby-e35847ee-7a4c-449f-9d4e-f40fc518c426]: IDLE"}}
[debug] [2025-06-20T11:21:25.175Z] Finishing up request with event=finish {"metadata":{"emulator":{"name":"functions"},"function":{"name":"us-central1-placesNearby"},"extension":{},"message":"Finishing up request with event=finish"}}
[debug] [2025-06-20T11:21:25.175Z] Finishing up request with event=close {"metadata":{"emulator":{"name":"functions"},"function":{"name":"us-central1-placesNearby"},"extension":{},"message":"Finishing up request with event=close"}}
[debug] [2025-06-20T11:21:25.175Z] [work-queue] {"queuedWork":[],"queueLength":0,"runningWork":[],"workRunningCount":0}
[debug] [2025-06-20T11:22:49.656Z] [work-queue] {"queuedWork":["/mealsforyou-d1a77/us-central1/placesNearby-2025-06-20T11:22:49.656Z"],"queueLength":1,"runningWork":[],"workRunningCount":0}
[debug] [2025-06-20T11:22:49.656Z] [work-queue] {"queuedWork":[],"queueLength":0,"runningWork":["/mealsforyou-d1a77/us-central1/placesNearby-2025-06-20T11:22:49.656Z"],"workRunningCount":1}
[debug] [2025-06-20T11:22:49.656Z] Accepted request GET /mealsforyou-d1a77/us-central1/placesNearby?location=43.653225,-79.383186 --> us-central1-placesNearby
[debug] [2025-06-20T11:22:49.657Z] [functions] Runtime ready! Sending request! {"metadata":{"emulator":{"name":"functions"},"message":"[functions] Runtime ready! Sending request!"}}
[debug] [2025-06-20T11:22:49.657Z] [functions] Got req.url=/mealsforyou-d1a77/us-central1/placesNearby?location=43.653225,-79.383186, mapping to path=/?location=43.653225,-79.383186 {"metadata":{"emulator":{"name":"functions"},"message":"[functions] Got req.url=/mealsforyou-d1a77/us-central1/placesNearby?location=43.653225,-79.383186, mapping to path=/?location=43.653225,-79.383186"}}
[debug] [2025-06-20T11:22:49.657Z] [worker-pool] submitRequest(triggerId=us-central1-placesNearby) {"metadata":{"emulator":{"name":"functions"},"message":"[worker-pool] submitRequest(triggerId=us-central1-placesNearby)"}}
[info] i  functions: Beginning execution of "us-central1-placesNearby" {"metadata":{"emulator":{"name":"functions"},"function":{"name":"us-central1-placesNearby"},"extension":{},"message":"Beginning execution of \"us-central1-placesNearby\""}}
[debug] [2025-06-20T11:22:49.658Z] [worker-us-central1-placesNearby-e35847ee-7a4c-449f-9d4e-f40fc518c426]: BUSY {"metadata":{"emulator":{"name":"functions"},"function":{"name":"us-central1-placesNearby"},"extension":{},"message":"[worker-us-central1-placesNearby-e35847ee-7a4c-449f-9d4e-f40fc518c426]: BUSY"}}
[debug] [2025-06-20T11:22:49.665Z] Finishing up request with event=pause {"metadata":{"emulator":{"name":"functions"},"function":{"name":"us-central1-placesNearby"},"extension":{},"message":"Finishing up request with event=pause"}}
[info] i  functions: Finished "us-central1-placesNearby" in 7.2377ms {"metadata":{"emulator":{"name":"functions"},"function":{"name":"us-central1-placesNearby"},"extension":{},"message":"Finished \"us-central1-placesNearby\" in 7.2377ms"}}
[debug] [2025-06-20T11:22:49.666Z] [worker-us-central1-placesNearby-e35847ee-7a4c-449f-9d4e-f40fc518c426]: IDLE {"metadata":{"emulator":{"name":"functions"},"function":{"name":"us-central1-placesNearby"},"extension":{},"message":"[worker-us-central1-placesNearby-e35847ee-7a4c-449f-9d4e-f40fc518c426]: IDLE"}}
[debug] [2025-06-20T11:22:49.666Z] Finishing up request with event=finish {"metadata":{"emulator":{"name":"functions"},"function":{"name":"us-central1-placesNearby"},"extension":{},"message":"Finishing up request with event=finish"}}
[debug] [2025-06-20T11:22:49.666Z] Finishing up request with event=close {"metadata":{"emulator":{"name":"functions"},"function":{"name":"us-central1-placesNearby"},"extension":{},"message":"Finishing up request with event=close"}}
[debug] [2025-06-20T11:22:49.666Z] [work-queue] {"queuedWork":[],"queueLength":0,"runningWork":[],"workRunningCount":0}
[debug] [2025-06-20T11:23:42.913Z] [work-queue] {"queuedWork":["/mealsforyou-d1a77/us-central1/geocode-2025-06-20T11:23:42.913Z"],"queueLength":1,"runningWork":[],"workRunningCount":0}
[debug] [2025-06-20T11:23:42.914Z] [work-queue] {"queuedWork":[],"queueLength":0,"runningWork":["/mealsforyou-d1a77/us-central1/geocode-2025-06-20T11:23:42.913Z"],"workRunningCount":1}
[debug] [2025-06-20T11:23:42.914Z] Accepted request GET /mealsforyou-d1a77/us-central1/geocode?city=toronto --> us-central1-geocode
[debug] [2025-06-20T11:23:42.915Z] [functions] Runtime ready! Sending request! {"metadata":{"emulator":{"name":"functions"},"message":"[functions] Runtime ready! Sending request!"}}
[debug] [2025-06-20T11:23:42.915Z] [functions] Got req.url=/mealsforyou-d1a77/us-central1/geocode?city=toronto, mapping to path=/?city=toronto {"metadata":{"emulator":{"name":"functions"},"message":"[functions] Got req.url=/mealsforyou-d1a77/us-central1/geocode?city=toronto, mapping to path=/?city=toronto"}}
[debug] [2025-06-20T11:23:42.915Z] [worker-pool] submitRequest(triggerId=us-central1-geocode) {"metadata":{"emulator":{"name":"functions"},"message":"[worker-pool] submitRequest(triggerId=us-central1-geocode)"}}
[info] i  functions: Beginning execution of "us-central1-geocode" {"metadata":{"emulator":{"name":"functions"},"function":{"name":"us-central1-geocode"},"extension":{},"message":"Beginning execution of \"us-central1-geocode\""}}
[debug] [2025-06-20T11:23:42.916Z] [worker-us-central1-geocode-5bbae391-d50b-4647-a8f5-3795a4754d4e]: BUSY {"metadata":{"emulator":{"name":"functions"},"function":{"name":"us-central1-geocode"},"extension":{},"message":"[worker-us-central1-geocode-5bbae391-d50b-4647-a8f5-3795a4754d4e]: BUSY"}}
[debug] [2025-06-20T11:23:42.921Z] Finishing up request with event=pause {"metadata":{"emulator":{"name":"functions"},"function":{"name":"us-central1-geocode"},"extension":{},"message":"Finishing up request with event=pause"}}
[info] i  functions: Finished "us-central1-geocode" in 5.1248ms {"metadata":{"emulator":{"name":"functions"},"function":{"name":"us-central1-geocode"},"extension":{},"message":"Finished \"us-central1-geocode\" in 5.1248ms"}}
[debug] [2025-06-20T11:23:42.922Z] [worker-us-central1-geocode-5bbae391-d50b-4647-a8f5-3795a4754d4e]: IDLE {"metadata":{"emulator":{"name":"functions"},"function":{"name":"us-central1-geocode"},"extension":{},"message":"[worker-us-central1-geocode-5bbae391-d50b-4647-a8f5-3795a4754d4e]: IDLE"}}
[debug] [2025-06-20T11:23:42.922Z] Finishing up request with event=finish {"metadata":{"emulator":{"name":"functions"},"function":{"name":"us-central1-geocode"},"extension":{},"message":"Finishing up request with event=finish"}}
[debug] [2025-06-20T11:23:42.922Z] Finishing up request with event=close {"metadata":{"emulator":{"name":"functions"},"function":{"name":"us-central1-geocode"},"extension":{},"message":"Finishing up request with event=close"}}
[debug] [2025-06-20T11:23:42.922Z] [work-queue] {"queuedWork":[],"queueLength":0,"runningWork":[],"workRunningCount":0}
[debug] [2025-06-20T11:23:44.913Z] [work-queue] {"queuedWork":["/mealsforyou-d1a77/us-central1/placesNearby-2025-06-20T11:23:44.913Z"],"queueLength":1,"runningWork":[],"workRunningCount":0}
[debug] [2025-06-20T11:23:44.914Z] [work-queue] {"queuedWork":[],"queueLength":0,"runningWork":["/mealsforyou-d1a77/us-central1/placesNearby-2025-06-20T11:23:44.913Z"],"workRunningCount":1}
[debug] [2025-06-20T11:23:44.914Z] Accepted request GET /mealsforyou-d1a77/us-central1/placesNearby?location=43.653225,-79.383186 --> us-central1-placesNearby
[debug] [2025-06-20T11:23:44.914Z] [functions] Runtime ready! Sending request! {"metadata":{"emulator":{"name":"functions"},"message":"[functions] Runtime ready! Sending request!"}}
[debug] [2025-06-20T11:23:44.914Z] [functions] Got req.url=/mealsforyou-d1a77/us-central1/placesNearby?location=43.653225,-79.383186, mapping to path=/?location=43.653225,-79.383186 {"metadata":{"emulator":{"name":"functions"},"message":"[functions] Got req.url=/mealsforyou-d1a77/us-central1/placesNearby?location=43.653225,-79.383186, mapping to path=/?location=43.653225,-79.383186"}}
[debug] [2025-06-20T11:23:44.914Z] [worker-pool] submitRequest(triggerId=us-central1-placesNearby) {"metadata":{"emulator":{"name":"functions"},"message":"[worker-pool] submitRequest(triggerId=us-central1-placesNearby)"}}
[info] i  functions: Beginning execution of "us-central1-placesNearby" {"metadata":{"emulator":{"name":"functions"},"function":{"name":"us-central1-placesNearby"},"extension":{},"message":"Beginning execution of \"us-central1-placesNearby\""}}
[debug] [2025-06-20T11:23:44.915Z] [worker-us-central1-placesNearby-e35847ee-7a4c-449f-9d4e-f40fc518c426]: BUSY {"metadata":{"emulator":{"name":"functions"},"function":{"name":"us-central1-placesNearby"},"extension":{},"message":"[worker-us-central1-placesNearby-e35847ee-7a4c-449f-9d4e-f40fc518c426]: BUSY"}}
[debug] [2025-06-20T11:23:44.918Z] Finishing up request with event=pause {"metadata":{"emulator":{"name":"functions"},"function":{"name":"us-central1-placesNearby"},"extension":{},"message":"Finishing up request with event=pause"}}
[info] i  functions: Finished "us-central1-placesNearby" in 3.3551ms {"metadata":{"emulator":{"name":"functions"},"function":{"name":"us-central1-placesNearby"},"extension":{},"message":"Finished \"us-central1-placesNearby\" in 3.3551ms"}}
[debug] [2025-06-20T11:23:44.919Z] [worker-us-central1-placesNearby-e35847ee-7a4c-449f-9d4e-f40fc518c426]: IDLE {"metadata":{"emulator":{"name":"functions"},"function":{"name":"us-central1-placesNearby"},"extension":{},"message":"[worker-us-central1-placesNearby-e35847ee-7a4c-449f-9d4e-f40fc518c426]: IDLE"}}
[debug] [2025-06-20T11:23:44.919Z] Finishing up request with event=finish {"metadata":{"emulator":{"name":"functions"},"function":{"name":"us-central1-placesNearby"},"extension":{},"message":"Finishing up request with event=finish"}}
[debug] [2025-06-20T11:23:44.920Z] Finishing up request with event=close {"metadata":{"emulator":{"name":"functions"},"function":{"name":"us-central1-placesNearby"},"extension":{},"message":"Finishing up request with event=close"}}
[debug] [2025-06-20T11:23:44.920Z] [work-queue] {"queuedWork":[],"queueLength":0,"runningWork":[],"workRunningCount":0}
[debug] [2025-06-20T11:23:49.040Z] [work-queue] {"queuedWork":["/mealsforyou-d1a77/us-central1/placesNearby-2025-06-20T11:23:49.040Z"],"queueLength":1,"runningWork":[],"workRunningCount":0}
[debug] [2025-06-20T11:23:49.040Z] [work-queue] {"queuedWork":[],"queueLength":0,"runningWork":["/mealsforyou-d1a77/us-central1/placesNearby-2025-06-20T11:23:49.040Z"],"workRunningCount":1}
[debug] [2025-06-20T11:23:49.040Z] Accepted request GET /mealsforyou-d1a77/us-central1/placesNearby?location=43.653225,-79.383186 --> us-central1-placesNearby
[debug] [2025-06-20T11:23:49.041Z] [functions] Runtime ready! Sending request! {"metadata":{"emulator":{"name":"functions"},"message":"[functions] Runtime ready! Sending request!"}}
[debug] [2025-06-20T11:23:49.041Z] [functions] Got req.url=/mealsforyou-d1a77/us-central1/placesNearby?location=43.653225,-79.383186, mapping to path=/?location=43.653225,-79.383186 {"metadata":{"emulator":{"name":"functions"},"message":"[functions] Got req.url=/mealsforyou-d1a77/us-central1/placesNearby?location=43.653225,-79.383186, mapping to path=/?location=43.653225,-79.383186"}}
[debug] [2025-06-20T11:23:49.041Z] [worker-pool] submitRequest(triggerId=us-central1-placesNearby) {"metadata":{"emulator":{"name":"functions"},"message":"[worker-pool] submitRequest(triggerId=us-central1-placesNearby)"}}
[info] i  functions: Beginning execution of "us-central1-placesNearby" {"metadata":{"emulator":{"name":"functions"},"function":{"name":"us-central1-placesNearby"},"extension":{},"message":"Beginning execution of \"us-central1-placesNearby\""}}
[debug] [2025-06-20T11:23:49.041Z] [worker-us-central1-placesNearby-e35847ee-7a4c-449f-9d4e-f40fc518c426]: BUSY {"metadata":{"emulator":{"name":"functions"},"function":{"name":"us-central1-placesNearby"},"extension":{},"message":"[worker-us-central1-placesNearby-e35847ee-7a4c-449f-9d4e-f40fc518c426]: BUSY"}}
[debug] [2025-06-20T11:23:49.044Z] Finishing up request with event=pause {"metadata":{"emulator":{"name":"functions"},"function":{"name":"us-central1-placesNearby"},"extension":{},"message":"Finishing up request with event=pause"}}
[info] i  functions: Finished "us-central1-placesNearby" in 2.7296ms {"metadata":{"emulator":{"name":"functions"},"function":{"name":"us-central1-placesNearby"},"extension":{},"message":"Finished \"us-central1-placesNearby\" in 2.7296ms"}}
[debug] [2025-06-20T11:23:49.045Z] [worker-us-central1-placesNearby-e35847ee-7a4c-449f-9d4e-f40fc518c426]: IDLE {"metadata":{"emulator":{"name":"functions"},"function":{"name":"us-central1-placesNearby"},"extension":{},"message":"[worker-us-central1-placesNearby-e35847ee-7a4c-449f-9d4e-f40fc518c426]: IDLE"}}
[debug] [2025-06-20T11:23:49.045Z] Finishing up request with event=finish {"metadata":{"emulator":{"name":"functions"},"function":{"name":"us-central1-placesNearby"},"extension":{},"message":"Finishing up request with event=finish"}}
[debug] [2025-06-20T11:23:49.045Z] Finishing up request with event=close {"metadata":{"emulator":{"name":"functions"},"function":{"name":"us-central1-placesNearby"},"extension":{},"message":"Finishing up request with event=close"}}
[debug] [2025-06-20T11:23:49.045Z] [work-queue] {"queuedWork":[],"queueLength":0,"runningWork":[],"workRunningCount":0}
[debug] [2025-06-20T11:26:00.190Z] [work-queue] {"queuedWork":["/mealsforyou-d1a77/us-central1/placesNearby-2025-06-20T11:26:00.190Z"],"queueLength":1,"runningWork":[],"workRunningCount":0}
[debug] [2025-06-20T11:26:00.191Z] [work-queue] {"queuedWork":[],"queueLength":0,"runningWork":["/mealsforyou-d1a77/us-central1/placesNearby-2025-06-20T11:26:00.190Z"],"workRunningCount":1}
[debug] [2025-06-20T11:26:00.191Z] Accepted request GET /mealsforyou-d1a77/us-central1/placesNearby?location=43.653225,-79.383186 --> us-central1-placesNearby
[debug] [2025-06-20T11:26:00.191Z] [functions] Runtime ready! Sending request! {"metadata":{"emulator":{"name":"functions"},"message":"[functions] Runtime ready! Sending request!"}}
[debug] [2025-06-20T11:26:00.191Z] [functions] Got req.url=/mealsforyou-d1a77/us-central1/placesNearby?location=43.653225,-79.383186, mapping to path=/?location=43.653225,-79.383186 {"metadata":{"emulator":{"name":"functions"},"message":"[functions] Got req.url=/mealsforyou-d1a77/us-central1/placesNearby?location=43.653225,-79.383186, mapping to path=/?location=43.653225,-79.383186"}}
[debug] [2025-06-20T11:26:00.191Z] [worker-pool] submitRequest(triggerId=us-central1-placesNearby) {"metadata":{"emulator":{"name":"functions"},"message":"[worker-pool] submitRequest(triggerId=us-central1-placesNearby)"}}
[info] i  functions: Beginning execution of "us-central1-placesNearby" {"metadata":{"emulator":{"name":"functions"},"function":{"name":"us-central1-placesNearby"},"extension":{},"message":"Beginning execution of \"us-central1-placesNearby\""}}
[debug] [2025-06-20T11:26:00.192Z] [worker-us-central1-placesNearby-e35847ee-7a4c-449f-9d4e-f40fc518c426]: BUSY {"metadata":{"emulator":{"name":"functions"},"function":{"name":"us-central1-placesNearby"},"extension":{},"message":"[worker-us-central1-placesNearby-e35847ee-7a4c-449f-9d4e-f40fc518c426]: BUSY"}}
[debug] [2025-06-20T11:26:00.196Z] Finishing up request with event=pause {"metadata":{"emulator":{"name":"functions"},"function":{"name":"us-central1-placesNearby"},"extension":{},"message":"Finishing up request with event=pause"}}
[info] i  functions: Finished "us-central1-placesNearby" in 3.9765ms {"metadata":{"emulator":{"name":"functions"},"function":{"name":"us-central1-placesNearby"},"extension":{},"message":"Finished \"us-central1-placesNearby\" in 3.9765ms"}}
[debug] [2025-06-20T11:26:00.197Z] [worker-us-central1-placesNearby-e35847ee-7a4c-449f-9d4e-f40fc518c426]: IDLE {"metadata":{"emulator":{"name":"functions"},"function":{"name":"us-central1-placesNearby"},"extension":{},"message":"[worker-us-central1-placesNearby-e35847ee-7a4c-449f-9d4e-f40fc518c426]: IDLE"}}
[debug] [2025-06-20T11:26:00.197Z] Finishing up request with event=finish {"metadata":{"emulator":{"name":"functions"},"function":{"name":"us-central1-placesNearby"},"extension":{},"message":"Finishing up request with event=finish"}}
[debug] [2025-06-20T11:26:00.197Z] Finishing up request with event=close {"metadata":{"emulator":{"name":"functions"},"function":{"name":"us-central1-placesNearby"},"extension":{},"message":"Finishing up request with event=close"}}
[debug] [2025-06-20T11:26:00.197Z] [work-queue] {"queuedWork":[],"queueLength":0,"runningWork":[],"workRunningCount":0}
[debug] [2025-06-20T11:26:37.333Z] [work-queue] {"queuedWork":["/mealsforyou-d1a77/us-central1/geocode-2025-06-20T11:26:37.333Z"],"queueLength":1,"runningWork":[],"workRunningCount":0}
[debug] [2025-06-20T11:26:37.333Z] [work-queue] {"queuedWork":[],"queueLength":0,"runningWork":["/mealsforyou-d1a77/us-central1/geocode-2025-06-20T11:26:37.333Z"],"workRunningCount":1}
[debug] [2025-06-20T11:26:37.333Z] Accepted request GET /mealsforyou-d1a77/us-central1/geocode?city=antwerp --> us-central1-geocode
[debug] [2025-06-20T11:26:37.333Z] [functions] Runtime ready! Sending request! {"metadata":{"emulator":{"name":"functions"},"message":"[functions] Runtime ready! Sending request!"}}
[debug] [2025-06-20T11:26:37.333Z] [functions] Got req.url=/mealsforyou-d1a77/us-central1/geocode?city=antwerp, mapping to path=/?city=antwerp {"metadata":{"emulator":{"name":"functions"},"message":"[functions] Got req.url=/mealsforyou-d1a77/us-central1/geocode?city=antwerp, mapping to path=/?city=antwerp"}}
[debug] [2025-06-20T11:26:37.333Z] [worker-pool] submitRequest(triggerId=us-central1-geocode) {"metadata":{"emulator":{"name":"functions"},"message":"[worker-pool] submitRequest(triggerId=us-central1-geocode)"}}
[info] i  functions: Beginning execution of "us-central1-geocode" {"metadata":{"emulator":{"name":"functions"},"function":{"name":"us-central1-geocode"},"extension":{},"message":"Beginning execution of \"us-central1-geocode\""}}
[debug] [2025-06-20T11:26:37.334Z] [worker-us-central1-geocode-5bbae391-d50b-4647-a8f5-3795a4754d4e]: BUSY {"metadata":{"emulator":{"name":"functions"},"function":{"name":"us-central1-geocode"},"extension":{},"message":"[worker-us-central1-geocode-5bbae391-d50b-4647-a8f5-3795a4754d4e]: BUSY"}}
[debug] [2025-06-20T11:26:37.337Z] Finishing up request with event=pause {"metadata":{"emulator":{"name":"functions"},"function":{"name":"us-central1-geocode"},"extension":{},"message":"Finishing up request with event=pause"}}
[info] i  functions: Finished "us-central1-geocode" in 3.2641ms {"metadata":{"emulator":{"name":"functions"},"function":{"name":"us-central1-geocode"},"extension":{},"message":"Finished \"us-central1-geocode\" in 3.2641ms"}}
[debug] [2025-06-20T11:26:37.338Z] [worker-us-central1-geocode-5bbae391-d50b-4647-a8f5-3795a4754d4e]: IDLE {"metadata":{"emulator":{"name":"functions"},"function":{"name":"us-central1-geocode"},"extension":{},"message":"[worker-us-central1-geocode-5bbae391-d50b-4647-a8f5-3795a4754d4e]: IDLE"}}
[debug] [2025-06-20T11:26:37.338Z] Finishing up request with event=finish {"metadata":{"emulator":{"name":"functions"},"function":{"name":"us-central1-geocode"},"extension":{},"message":"Finishing up request with event=finish"}}
[debug] [2025-06-20T11:26:37.338Z] Finishing up request with event=close {"metadata":{"emulator":{"name":"functions"},"function":{"name":"us-central1-geocode"},"extension":{},"message":"Finishing up request with event=close"}}
[debug] [2025-06-20T11:26:37.338Z] [work-queue] {"queuedWork":[],"queueLength":0,"runningWork":[],"workRunningCount":0}
[debug] [2025-06-20T11:26:38.002Z] [work-queue] {"queuedWork":["/mealsforyou-d1a77/us-central1/placesNearby-2025-06-20T11:26:38.002Z"],"queueLength":1,"runningWork":[],"workRunningCount":0}
[debug] [2025-06-20T11:26:38.002Z] [work-queue] {"queuedWork":[],"queueLength":0,"runningWork":["/mealsforyou-d1a77/us-central1/placesNearby-2025-06-20T11:26:38.002Z"],"workRunningCount":1}
[debug] [2025-06-20T11:26:38.002Z] Accepted request GET /mealsforyou-d1a77/us-central1/placesNearby?location=51.219448,4.402464 --> us-central1-placesNearby
[debug] [2025-06-20T11:26:38.002Z] [functions] Runtime ready! Sending request! {"metadata":{"emulator":{"name":"functions"},"message":"[functions] Runtime ready! Sending request!"}}
[debug] [2025-06-20T11:26:38.003Z] [functions] Got req.url=/mealsforyou-d1a77/us-central1/placesNearby?location=51.219448,4.402464, mapping to path=/?location=51.219448,4.402464 {"metadata":{"emulator":{"name":"functions"},"message":"[functions] Got req.url=/mealsforyou-d1a77/us-central1/placesNearby?location=51.219448,4.402464, mapping to path=/?location=51.219448,4.402464"}}
[debug] [2025-06-20T11:26:38.003Z] [worker-pool] submitRequest(triggerId=us-central1-placesNearby) {"metadata":{"emulator":{"name":"functions"},"message":"[worker-pool] submitRequest(triggerId=us-central1-placesNearby)"}}
[info] i  functions: Beginning execution of "us-central1-placesNearby" {"metadata":{"emulator":{"name":"functions"},"function":{"name":"us-central1-placesNearby"},"extension":{},"message":"Beginning execution of \"us-central1-placesNearby\""}}
[debug] [2025-06-20T11:26:38.004Z] [worker-us-central1-placesNearby-e35847ee-7a4c-449f-9d4e-f40fc518c426]: BUSY {"metadata":{"emulator":{"name":"functions"},"function":{"name":"us-central1-placesNearby"},"extension":{},"message":"[worker-us-central1-placesNearby-e35847ee-7a4c-449f-9d4e-f40fc518c426]: BUSY"}}
[debug] [2025-06-20T11:26:38.006Z] Finishing up request with event=pause {"metadata":{"emulator":{"name":"functions"},"function":{"name":"us-central1-placesNearby"},"extension":{},"message":"Finishing up request with event=pause"}}
[info] i  functions: Finished "us-central1-placesNearby" in 2.6411ms {"metadata":{"emulator":{"name":"functions"},"function":{"name":"us-central1-placesNearby"},"extension":{},"message":"Finished \"us-central1-placesNearby\" in 2.6411ms"}}
[debug] [2025-06-20T11:26:38.007Z] [worker-us-central1-placesNearby-e35847ee-7a4c-449f-9d4e-f40fc518c426]: IDLE {"metadata":{"emulator":{"name":"functions"},"function":{"name":"us-central1-placesNearby"},"extension":{},"message":"[worker-us-central1-placesNearby-e35847ee-7a4c-449f-9d4e-f40fc518c426]: IDLE"}}
[debug] [2025-06-20T11:26:38.007Z] Finishing up request with event=finish {"metadata":{"emulator":{"name":"functions"},"function":{"name":"us-central1-placesNearby"},"extension":{},"message":"Finishing up request with event=finish"}}
[debug] [2025-06-20T11:26:38.007Z] Finishing up request with event=close {"metadata":{"emulator":{"name":"functions"},"function":{"name":"us-central1-placesNearby"},"extension":{},"message":"Finishing up request with event=close"}}
[debug] [2025-06-20T11:26:38.007Z] [work-queue] {"queuedWork":[],"queueLength":0,"runningWork":[],"workRunningCount":0}
