[debug] [2025-06-20T07:49:42.306Z] ----------------------------------------------------------------------
[debug] [2025-06-20T07:49:42.311Z] Command:       C:\Program Files\nodejs\node.exe C:\Users\SHEMA Valentin\AppData\Roaming\npm\node_modules\firebase-tools\lib\bin\firebase.js serve
[debug] [2025-06-20T07:49:42.312Z] CLI Version:   14.7.0
[debug] [2025-06-20T07:49:42.312Z] Platform:      win32
[debug] [2025-06-20T07:49:42.313Z] Node Version:  v22.16.0
[debug] [2025-06-20T07:49:42.315Z] Time:          Fri Jun 20 2025 09:49:42 GMT+0200 (South Africa Standard Time)
[debug] [2025-06-20T07:49:42.315Z] ----------------------------------------------------------------------
[debug] 
[debug] [2025-06-20T07:49:42.894Z] > command requires scopes: ["email","openid","https://www.googleapis.com/auth/cloudplatformprojects.readonly","https://www.googleapis.com/auth/firebase","https://www.googleapis.com/auth/cloud-platform"]
[debug] [2025-06-20T07:49:42.896Z] > authorizing via signed-in user (shemavalentin@gmail.com)
[debug] [2025-06-20T07:49:42.896Z] [iam] checking project mealsforyou-d1a77 for permissions ["firebase.projects.get"]
[debug] [2025-06-20T07:49:42.899Z] Checked if tokens are valid: true, expires at: 1750408487720
[debug] [2025-06-20T07:49:42.900Z] Checked if tokens are valid: true, expires at: 1750408487720
[debug] [2025-06-20T07:49:42.902Z] >>> [apiv2][query] POST https://cloudresourcemanager.googleapis.com/v1/projects/mealsforyou-d1a77:testIamPermissions [none]
[debug] [2025-06-20T07:49:42.902Z] >>> [apiv2][(partial)header] POST https://cloudresourcemanager.googleapis.com/v1/projects/mealsforyou-d1a77:testIamPermissions x-goog-quota-user=projects/mealsforyou-d1a77
[debug] [2025-06-20T07:49:42.903Z] >>> [apiv2][body] POST https://cloudresourcemanager.googleapis.com/v1/projects/mealsforyou-d1a77:testIamPermissions {"permissions":["firebase.projects.get"]}
[debug] [2025-06-20T07:49:44.480Z] <<< [apiv2][status] POST https://cloudresourcemanager.googleapis.com/v1/projects/mealsforyou-d1a77:testIamPermissions 200
[debug] [2025-06-20T07:49:44.481Z] <<< [apiv2][body] POST https://cloudresourcemanager.googleapis.com/v1/projects/mealsforyou-d1a77:testIamPermissions {"permissions":["firebase.projects.get"]}
[debug] [2025-06-20T07:49:44.483Z] Checked if tokens are valid: true, expires at: 1750408487720
[debug] [2025-06-20T07:49:44.483Z] Checked if tokens are valid: true, expires at: 1750408487720
[debug] [2025-06-20T07:49:44.483Z] >>> [apiv2][query] GET https://serviceusage.googleapis.com/v1/projects/mealsforyou-d1a77/services/cloudresourcemanager.googleapis.com [none]
[debug] [2025-06-20T07:49:44.483Z] >>> [apiv2][(partial)header] GET https://serviceusage.googleapis.com/v1/projects/mealsforyou-d1a77/services/cloudresourcemanager.googleapis.com x-goog-quota-user=projects/mealsforyou-d1a77
[debug] [2025-06-20T07:49:46.147Z] <<< [apiv2][status] GET https://serviceusage.googleapis.com/v1/projects/mealsforyou-d1a77/services/cloudresourcemanager.googleapis.com 200
[debug] [2025-06-20T07:49:46.147Z] <<< [apiv2][body] GET https://serviceusage.googleapis.com/v1/projects/mealsforyou-d1a77/services/cloudresourcemanager.googleapis.com [omitted]
[debug] [2025-06-20T07:49:46.147Z] Checked if tokens are valid: true, expires at: 1750408487720
[debug] [2025-06-20T07:49:46.147Z] Checked if tokens are valid: true, expires at: 1750408487720
[debug] [2025-06-20T07:49:46.148Z] >>> [apiv2][query] GET https://cloudresourcemanager.googleapis.com/v1/projects/mealsforyou-d1a77 [none]
[debug] [2025-06-20T07:49:46.459Z] <<< [apiv2][status] GET https://cloudresourcemanager.googleapis.com/v1/projects/mealsforyou-d1a77 200
[debug] [2025-06-20T07:49:46.460Z] <<< [apiv2][body] GET https://cloudresourcemanager.googleapis.com/v1/projects/mealsforyou-d1a77 {"projectNumber":"595776631693","projectId":"mealsforyou-d1a77","lifecycleState":"ACTIVE","name":"MealsForYou","labels":{"firebase":"enabled","firebase-core":"disabled"},"createTime":"2025-06-03T11:25:25.808692Z"}
[info] 
[info] === Serving from 'C:\Users\SHEMA Valentin\Desktop\projects\MealsForYou'...
[info] 
[debug] [2025-06-20T07:49:46.506Z] defaultcredentials: writing to file C:\Users\SHEMA Valentin\AppData\Roaming\firebase\shemavalentin_gmail_com_application_default_credentials.json
[debug] [2025-06-20T07:49:46.511Z] Setting GAC to C:\Users\SHEMA Valentin\AppData\Roaming\firebase\shemavalentin_gmail_com_application_default_credentials.json {"metadata":{"emulator":{"name":"functions"},"message":"Setting GAC to C:\\Users\\SHEMA Valentin\\AppData\\Roaming\\firebase\\shemavalentin_gmail_com_application_default_credentials.json"}}
[debug] [2025-06-20T07:49:46.513Z] Checked if tokens are valid: true, expires at: 1750408487720
[debug] [2025-06-20T07:49:46.513Z] Checked if tokens are valid: true, expires at: 1750408487720
[debug] [2025-06-20T07:49:46.513Z] >>> [apiv2][query] GET https://firebase.googleapis.com/v1beta1/projects/mealsforyou-d1a77/adminSdkConfig [none]
[debug] [2025-06-20T07:49:47.169Z] <<< [apiv2][status] GET https://firebase.googleapis.com/v1beta1/projects/mealsforyou-d1a77/adminSdkConfig 200
[debug] [2025-06-20T07:49:47.169Z] <<< [apiv2][body] GET https://firebase.googleapis.com/v1beta1/projects/mealsforyou-d1a77/adminSdkConfig {"projectId":"mealsforyou-d1a77","storageBucket":"mealsforyou-d1a77.firebasestorage.app"}
[info] i  functions: Watching "C:\Users\SHEMA Valentin\Desktop\projects\MealsForYou\functions" for Cloud Functions... {"metadata":{"emulator":{"name":"functions"},"message":"Watching \"C:\\Users\\SHEMA Valentin\\Desktop\\projects\\MealsForYou\\functions\" for Cloud Functions..."}}
[debug] [2025-06-20T07:49:47.220Z] Validating nodejs source
[debug] [2025-06-20T07:49:50.061Z] > [functions] package.json contents: {
  "name": "functions",
  "description": "Cloud Functions for Firebase",
  "scripts": {
    "lint": "eslint .",
    "serve": "firebase emulators:start --only functions",
    "shell": "firebase functions:shell",
    "start": "npm run shell",
    "deploy": "firebase deploy --only functions",
    "logs": "firebase functions:log"
  },
  "engines": {
    "node": "22"
  },
  "main": "index.js",
  "dependencies": {
    "firebase-admin": "^12.6.0",
    "firebase-functions": "^6.0.1"
  },
  "devDependencies": {
    "eslint": "^8.15.0",
    "eslint-config-google": "^0.14.0",
    "firebase-functions-test": "^3.1.0"
  },
  "private": true
}
[debug] [2025-06-20T07:49:50.062Z] Building nodejs source
[debug] [2025-06-20T07:49:50.063Z] Failed to find version of module node: reached end of search path C:\Users\SHEMA Valentin\Desktop\projects\MealsForYou\functions\node_modules
[info] +  functions: Using node@22 from host. 
[debug] [2025-06-20T07:49:50.068Z] Could not find functions.yaml. Must use http discovery
[debug] [2025-06-20T07:49:50.089Z] Found firebase-functions binary at 'C:\Users\SHEMA Valentin\Desktop\projects\MealsForYou\functions\node_modules\.bin\firebase-functions'
[info] Serving at port 8264

[debug] [2025-06-20T07:49:51.415Z] Got response from /__/functions.yaml {"endpoints":{"geocode":{"availableMemoryMb":null,"timeoutSeconds":null,"minInstances":null,"maxInstances":null,"ingressSettings":null,"concurrency":null,"serviceAccountEmail":null,"vpc":null,"platform":"gcfv2","labels":{},"httpsTrigger":{},"entryPoint":"geocode"},"placesNearby":{"availableMemoryMb":null,"timeoutSeconds":null,"minInstances":null,"maxInstances":null,"ingressSettings":null,"concurrency":null,"serviceAccountEmail":null,"vpc":null,"platform":"gcfv2","labels":{},"httpsTrigger":{},"entryPoint":"placesNearby"}},"specVersion":"v1alpha1","requiredAPIs":[],"extensions":{}}
[info] +  functions: Loaded functions definitions from source: geocode, placesNearby. {"metadata":{"emulator":{"name":"functions"},"message":"Loaded functions definitions from source: geocode, placesNearby."}}
[info] +  functions[us-central1-geocode]: http function initialized (http://localhost:5000/mealsforyou-d1a77/us-central1/geocode). {"metadata":{"emulator":{"name":"functions"},"message":"\u001b[1mhttp\u001b[22m function initialized (http://localhost:5000/mealsforyou-d1a77/us-central1/geocode)."}}
[info] +  functions[us-central1-placesNearby]: http function initialized (http://localhost:5000/mealsforyou-d1a77/us-central1/placesNearby). {"metadata":{"emulator":{"name":"functions"},"message":"\u001b[1mhttp\u001b[22m function initialized (http://localhost:5000/mealsforyou-d1a77/us-central1/placesNearby)."}}
[debug] [2025-06-20T08:07:47.526Z] File C:\Users\SHEMA Valentin\Desktop\projects\MealsForYou\functions\places\mock\index.js changed, reloading triggers {"metadata":{"emulator":{"name":"functions"},"message":"File C:\\Users\\SHEMA Valentin\\Desktop\\projects\\MealsForYou\\functions\\places\\mock\\index.js changed, reloading triggers"}}
[debug] [2025-06-20T08:07:48.539Z] Validating nodejs source
[debug] [2025-06-20T08:07:50.269Z] > [functions] package.json contents: {
  "name": "functions",
  "description": "Cloud Functions for Firebase",
  "scripts": {
    "lint": "eslint .",
    "serve": "firebase emulators:start --only functions",
    "shell": "firebase functions:shell",
    "start": "npm run shell",
    "deploy": "firebase deploy --only functions",
    "logs": "firebase functions:log"
  },
  "engines": {
    "node": "22"
  },
  "main": "index.js",
  "dependencies": {
    "firebase-admin": "^12.6.0",
    "firebase-functions": "^6.0.1"
  },
  "devDependencies": {
    "eslint": "^8.15.0",
    "eslint-config-google": "^0.14.0",
    "firebase-functions-test": "^3.1.0"
  },
  "private": true
}
[debug] [2025-06-20T08:07:50.270Z] Building nodejs source
[debug] [2025-06-20T08:07:50.270Z] Failed to find version of module node: reached end of search path C:\Users\SHEMA Valentin\Desktop\projects\MealsForYou\functions\node_modules
[info] +  functions: Using node@22 from host. 
[debug] [2025-06-20T08:07:50.271Z] Could not find functions.yaml. Must use http discovery
[debug] [2025-06-20T08:07:50.280Z] Found firebase-functions binary at 'C:\Users\SHEMA Valentin\Desktop\projects\MealsForYou\functions\node_modules\.bin\firebase-functions'
[info] Serving at port 8413

[debug] [2025-06-20T08:07:50.736Z] Got response from /__/functions.yaml {"endpoints":{"geocode":{"availableMemoryMb":null,"timeoutSeconds":null,"minInstances":null,"maxInstances":null,"ingressSettings":null,"concurrency":null,"serviceAccountEmail":null,"vpc":null,"platform":"gcfv2","labels":{},"httpsTrigger":{},"entryPoint":"geocode"},"placesNearby":{"availableMemoryMb":null,"timeoutSeconds":null,"minInstances":null,"maxInstances":null,"ingressSettings":null,"concurrency":null,"serviceAccountEmail":null,"vpc":null,"platform":"gcfv2","labels":{},"httpsTrigger":{},"entryPoint":"placesNearby"}},"specVersion":"v1alpha1","requiredAPIs":[],"extensions":{}}
[info] +  functions: Loaded functions definitions from source: geocode, placesNearby. {"metadata":{"emulator":{"name":"functions"},"message":"Loaded functions definitions from source: geocode, placesNearby."}}
[debug] [2025-06-20T08:08:51.718Z] File C:\Users\SHEMA Valentin\Desktop\projects\MealsForYou\functions\places\mock\antwerp.js changed, reloading triggers {"metadata":{"emulator":{"name":"functions"},"message":"File C:\\Users\\SHEMA Valentin\\Desktop\\projects\\MealsForYou\\functions\\places\\mock\\antwerp.js changed, reloading triggers"}}
[debug] [2025-06-20T08:08:52.728Z] Validating nodejs source
[debug] [2025-06-20T08:09:02.754Z] checkFunctionsSDKVersion was unable to fetch information from NPM Error: spawnSync C:\WINDOWS\system32\cmd.exe ETIMEDOUT
    at Object.spawnSync (node:internal/child_process:1120:20)
    at Object.spawnSync (node:child_process:868:24)
    at Function.spawnSync [as sync] (C:\Users\SHEMA Valentin\AppData\Roaming\npm\node_modules\firebase-tools\node_modules\cross-spawn\index.js:26:23)
    at Object.getLatestSDKVersion (C:\Users\SHEMA Valentin\AppData\Roaming\npm\node_modules\firebase-tools\lib\deploy\functions\runtimes\node\versioning.js:54:25)
    at Object.checkFunctionsSDKVersion (C:\Users\SHEMA Valentin\AppData\Roaming\npm\node_modules\firebase-tools\lib\deploy\functions\runtimes\node\versioning.js:74:32)
    at Delegate.validate (C:\Users\SHEMA Valentin\AppData\Roaming\npm\node_modules\firebase-tools\lib\deploy\functions\runtimes\node\index.js:86:20)
    at FunctionsEmulator.discoverTriggers (C:\Users\SHEMA Valentin\AppData\Roaming\npm\node_modules\firebase-tools\lib\emulator\functionsEmulator.js:313:35)
    at async FunctionsEmulator.loadTriggers (C:\Users\SHEMA Valentin\AppData\Roaming\npm\node_modules\firebase-tools\lib\emulator\functionsEmulator.js:353:34)
[debug] [2025-06-20T08:09:02.755Z] > [functions] package.json contents: {
  "name": "functions",
  "description": "Cloud Functions for Firebase",
  "scripts": {
    "lint": "eslint .",
    "serve": "firebase emulators:start --only functions",
    "shell": "firebase functions:shell",
    "start": "npm run shell",
    "deploy": "firebase deploy --only functions",
    "logs": "firebase functions:log"
  },
  "engines": {
    "node": "22"
  },
  "main": "index.js",
  "dependencies": {
    "firebase-admin": "^12.6.0",
    "firebase-functions": "^6.0.1"
  },
  "devDependencies": {
    "eslint": "^8.15.0",
    "eslint-config-google": "^0.14.0",
    "firebase-functions-test": "^3.1.0"
  },
  "private": true
}
[debug] [2025-06-20T08:09:02.755Z] Building nodejs source
[debug] [2025-06-20T08:09:02.755Z] Failed to find version of module node: reached end of search path C:\Users\SHEMA Valentin\Desktop\projects\MealsForYou\functions\node_modules
[info] +  functions: Using node@22 from host. 
[debug] [2025-06-20T08:09:02.756Z] Could not find functions.yaml. Must use http discovery
[debug] [2025-06-20T08:09:02.765Z] Found firebase-functions binary at 'C:\Users\SHEMA Valentin\Desktop\projects\MealsForYou\functions\node_modules\.bin\firebase-functions'
[info] Serving at port 8009

[debug] [2025-06-20T08:09:03.449Z] Got response from /__/functions.yaml {"endpoints":{"geocode":{"availableMemoryMb":null,"timeoutSeconds":null,"minInstances":null,"maxInstances":null,"ingressSettings":null,"concurrency":null,"serviceAccountEmail":null,"vpc":null,"platform":"gcfv2","labels":{},"httpsTrigger":{},"entryPoint":"geocode"},"placesNearby":{"availableMemoryMb":null,"timeoutSeconds":null,"minInstances":null,"maxInstances":null,"ingressSettings":null,"concurrency":null,"serviceAccountEmail":null,"vpc":null,"platform":"gcfv2","labels":{},"httpsTrigger":{},"entryPoint":"placesNearby"}},"specVersion":"v1alpha1","requiredAPIs":[],"extensions":{}}
[info] +  functions: Loaded functions definitions from source: geocode, placesNearby. {"metadata":{"emulator":{"name":"functions"},"message":"Loaded functions definitions from source: geocode, placesNearby."}}
[debug] [2025-06-20T08:09:42.118Z] File C:\Users\SHEMA Valentin\Desktop\projects\MealsForYou\functions\places\mock\chicago.js changed, reloading triggers {"metadata":{"emulator":{"name":"functions"},"message":"File C:\\Users\\SHEMA Valentin\\Desktop\\projects\\MealsForYou\\functions\\places\\mock\\chicago.js changed, reloading triggers"}}
[debug] [2025-06-20T08:09:43.123Z] Validating nodejs source
[debug] [2025-06-20T08:09:44.507Z] > [functions] package.json contents: {
  "name": "functions",
  "description": "Cloud Functions for Firebase",
  "scripts": {
    "lint": "eslint .",
    "serve": "firebase emulators:start --only functions",
    "shell": "firebase functions:shell",
    "start": "npm run shell",
    "deploy": "firebase deploy --only functions",
    "logs": "firebase functions:log"
  },
  "engines": {
    "node": "22"
  },
  "main": "index.js",
  "dependencies": {
    "firebase-admin": "^12.6.0",
    "firebase-functions": "^6.0.1"
  },
  "devDependencies": {
    "eslint": "^8.15.0",
    "eslint-config-google": "^0.14.0",
    "firebase-functions-test": "^3.1.0"
  },
  "private": true
}
[debug] [2025-06-20T08:09:44.508Z] Building nodejs source
[debug] [2025-06-20T08:09:44.508Z] Failed to find version of module node: reached end of search path C:\Users\SHEMA Valentin\Desktop\projects\MealsForYou\functions\node_modules
[info] +  functions: Using node@22 from host. 
[debug] [2025-06-20T08:09:44.511Z] Could not find functions.yaml. Must use http discovery
[debug] [2025-06-20T08:09:44.524Z] Found firebase-functions binary at 'C:\Users\SHEMA Valentin\Desktop\projects\MealsForYou\functions\node_modules\.bin\firebase-functions'
[info] Serving at port 8519

[debug] [2025-06-20T08:09:45.336Z] Got response from /__/functions.yaml {"endpoints":{"geocode":{"availableMemoryMb":null,"timeoutSeconds":null,"minInstances":null,"maxInstances":null,"ingressSettings":null,"concurrency":null,"serviceAccountEmail":null,"vpc":null,"platform":"gcfv2","labels":{},"httpsTrigger":{},"entryPoint":"geocode"},"placesNearby":{"availableMemoryMb":null,"timeoutSeconds":null,"minInstances":null,"maxInstances":null,"ingressSettings":null,"concurrency":null,"serviceAccountEmail":null,"vpc":null,"platform":"gcfv2","labels":{},"httpsTrigger":{},"entryPoint":"placesNearby"}},"specVersion":"v1alpha1","requiredAPIs":[],"extensions":{}}
[info] +  functions: Loaded functions definitions from source: geocode, placesNearby. {"metadata":{"emulator":{"name":"functions"},"message":"Loaded functions definitions from source: geocode, placesNearby."}}
[debug] [2025-06-20T08:10:32.694Z] File C:\Users\SHEMA Valentin\Desktop\projects\MealsForYou\functions\places\mock\toronto.js changed, reloading triggers {"metadata":{"emulator":{"name":"functions"},"message":"File C:\\Users\\SHEMA Valentin\\Desktop\\projects\\MealsForYou\\functions\\places\\mock\\toronto.js changed, reloading triggers"}}
[debug] [2025-06-20T08:10:33.700Z] Validating nodejs source
[debug] [2025-06-20T08:10:35.440Z] > [functions] package.json contents: {
  "name": "functions",
  "description": "Cloud Functions for Firebase",
  "scripts": {
    "lint": "eslint .",
    "serve": "firebase emulators:start --only functions",
    "shell": "firebase functions:shell",
    "start": "npm run shell",
    "deploy": "firebase deploy --only functions",
    "logs": "firebase functions:log"
  },
  "engines": {
    "node": "22"
  },
  "main": "index.js",
  "dependencies": {
    "firebase-admin": "^12.6.0",
    "firebase-functions": "^6.0.1"
  },
  "devDependencies": {
    "eslint": "^8.15.0",
    "eslint-config-google": "^0.14.0",
    "firebase-functions-test": "^3.1.0"
  },
  "private": true
}
[debug] [2025-06-20T08:10:35.440Z] Building nodejs source
[debug] [2025-06-20T08:10:35.440Z] Failed to find version of module node: reached end of search path C:\Users\SHEMA Valentin\Desktop\projects\MealsForYou\functions\node_modules
[info] +  functions: Using node@22 from host. 
[debug] [2025-06-20T08:10:35.443Z] Could not find functions.yaml. Must use http discovery
[debug] [2025-06-20T08:10:35.455Z] Found firebase-functions binary at 'C:\Users\SHEMA Valentin\Desktop\projects\MealsForYou\functions\node_modules\.bin\firebase-functions'
[info] Serving at port 8014

[debug] [2025-06-20T08:10:36.282Z] Got response from /__/functions.yaml {"endpoints":{"geocode":{"availableMemoryMb":null,"timeoutSeconds":null,"minInstances":null,"maxInstances":null,"ingressSettings":null,"concurrency":null,"serviceAccountEmail":null,"vpc":null,"platform":"gcfv2","labels":{},"httpsTrigger":{},"entryPoint":"geocode"},"placesNearby":{"availableMemoryMb":null,"timeoutSeconds":null,"minInstances":null,"maxInstances":null,"ingressSettings":null,"concurrency":null,"serviceAccountEmail":null,"vpc":null,"platform":"gcfv2","labels":{},"httpsTrigger":{},"entryPoint":"placesNearby"}},"specVersion":"v1alpha1","requiredAPIs":[],"extensions":{}}
[info] +  functions: Loaded functions definitions from source: geocode, placesNearby. {"metadata":{"emulator":{"name":"functions"},"message":"Loaded functions definitions from source: geocode, placesNearby."}}
[debug] [2025-06-20T08:10:45.230Z] File C:\Users\SHEMA Valentin\Desktop\projects\MealsForYou\functions\places\mock\san_francisco.js changed, reloading triggers {"metadata":{"emulator":{"name":"functions"},"message":"File C:\\Users\\SHEMA Valentin\\Desktop\\projects\\MealsForYou\\functions\\places\\mock\\san_francisco.js changed, reloading triggers"}}
[debug] [2025-06-20T08:10:46.233Z] Validating nodejs source
[debug] [2025-06-20T08:10:47.582Z] > [functions] package.json contents: {
  "name": "functions",
  "description": "Cloud Functions for Firebase",
  "scripts": {
    "lint": "eslint .",
    "serve": "firebase emulators:start --only functions",
    "shell": "firebase functions:shell",
    "start": "npm run shell",
    "deploy": "firebase deploy --only functions",
    "logs": "firebase functions:log"
  },
  "engines": {
    "node": "22"
  },
  "main": "index.js",
  "dependencies": {
    "firebase-admin": "^12.6.0",
    "firebase-functions": "^6.0.1"
  },
  "devDependencies": {
    "eslint": "^8.15.0",
    "eslint-config-google": "^0.14.0",
    "firebase-functions-test": "^3.1.0"
  },
  "private": true
}
[debug] [2025-06-20T08:10:47.582Z] Building nodejs source
[debug] [2025-06-20T08:10:47.582Z] Failed to find version of module node: reached end of search path C:\Users\SHEMA Valentin\Desktop\projects\MealsForYou\functions\node_modules
[info] +  functions: Using node@22 from host. 
[debug] [2025-06-20T08:10:47.586Z] Could not find functions.yaml. Must use http discovery
[debug] [2025-06-20T08:10:47.595Z] Found firebase-functions binary at 'C:\Users\SHEMA Valentin\Desktop\projects\MealsForYou\functions\node_modules\.bin\firebase-functions'
[info] Serving at port 8314

[debug] [2025-06-20T08:10:48.458Z] Got response from /__/functions.yaml {"endpoints":{"geocode":{"availableMemoryMb":null,"timeoutSeconds":null,"minInstances":null,"maxInstances":null,"ingressSettings":null,"concurrency":null,"serviceAccountEmail":null,"vpc":null,"platform":"gcfv2","labels":{},"httpsTrigger":{},"entryPoint":"geocode"},"placesNearby":{"availableMemoryMb":null,"timeoutSeconds":null,"minInstances":null,"maxInstances":null,"ingressSettings":null,"concurrency":null,"serviceAccountEmail":null,"vpc":null,"platform":"gcfv2","labels":{},"httpsTrigger":{},"entryPoint":"placesNearby"}},"specVersion":"v1alpha1","requiredAPIs":[],"extensions":{}}
[info] +  functions: Loaded functions definitions from source: geocode, placesNearby. {"metadata":{"emulator":{"name":"functions"},"message":"Loaded functions definitions from source: geocode, placesNearby."}}
[debug] [2025-06-20T09:16:11.038Z] File C:\Users\SHEMA Valentin\Desktop\projects\MealsForYou\functions\places\index.js changed, reloading triggers {"metadata":{"emulator":{"name":"functions"},"message":"File C:\\Users\\SHEMA Valentin\\Desktop\\projects\\MealsForYou\\functions\\places\\index.js changed, reloading triggers"}}
[debug] [2025-06-20T09:16:12.052Z] Validating nodejs source
[debug] [2025-06-20T09:16:14.740Z] > [functions] package.json contents: {
  "name": "functions",
  "description": "Cloud Functions for Firebase",
  "scripts": {
    "lint": "eslint .",
    "serve": "firebase emulators:start --only functions",
    "shell": "firebase functions:shell",
    "start": "npm run shell",
    "deploy": "firebase deploy --only functions",
    "logs": "firebase functions:log"
  },
  "engines": {
    "node": "22"
  },
  "main": "index.js",
  "dependencies": {
    "firebase-admin": "^12.6.0",
    "firebase-functions": "^6.0.1"
  },
  "devDependencies": {
    "eslint": "^8.15.0",
    "eslint-config-google": "^0.14.0",
    "firebase-functions-test": "^3.1.0"
  },
  "private": true
}
[debug] [2025-06-20T09:16:14.740Z] Building nodejs source
[debug] [2025-06-20T09:16:14.741Z] Failed to find version of module node: reached end of search path C:\Users\SHEMA Valentin\Desktop\projects\MealsForYou\functions\node_modules
[info] +  functions: Using node@22 from host. 
[debug] [2025-06-20T09:16:14.742Z] Could not find functions.yaml. Must use http discovery
[debug] [2025-06-20T09:16:14.756Z] Found firebase-functions binary at 'C:\Users\SHEMA Valentin\Desktop\projects\MealsForYou\functions\node_modules\.bin\firebase-functions'
[info] Serving at port 8662

[debug] [2025-06-20T09:16:16.019Z] Got response from /__/functions.yaml {"endpoints":{"geocode":{"availableMemoryMb":null,"timeoutSeconds":null,"minInstances":null,"maxInstances":null,"ingressSettings":null,"concurrency":null,"serviceAccountEmail":null,"vpc":null,"platform":"gcfv2","labels":{},"httpsTrigger":{},"entryPoint":"geocode"},"placesNearby":{"availableMemoryMb":null,"timeoutSeconds":null,"minInstances":null,"maxInstances":null,"ingressSettings":null,"concurrency":null,"serviceAccountEmail":null,"vpc":null,"platform":"gcfv2","labels":{},"httpsTrigger":{},"entryPoint":"placesNearby"}},"specVersion":"v1alpha1","requiredAPIs":[],"extensions":{}}
[info] +  functions: Loaded functions definitions from source: geocode, placesNearby. {"metadata":{"emulator":{"name":"functions"},"message":"Loaded functions definitions from source: geocode, placesNearby."}}
[debug] [2025-06-20T09:18:43.523Z] File C:\Users\SHEMA Valentin\Desktop\projects\MealsForYou\functions\places\index.js changed, reloading triggers {"metadata":{"emulator":{"name":"functions"},"message":"File C:\\Users\\SHEMA Valentin\\Desktop\\projects\\MealsForYou\\functions\\places\\index.js changed, reloading triggers"}}
[debug] [2025-06-20T09:18:44.525Z] Validating nodejs source
[debug] [2025-06-20T09:18:45.665Z] > [functions] package.json contents: {
  "name": "functions",
  "description": "Cloud Functions for Firebase",
  "scripts": {
    "lint": "eslint .",
    "serve": "firebase emulators:start --only functions",
    "shell": "firebase functions:shell",
    "start": "npm run shell",
    "deploy": "firebase deploy --only functions",
    "logs": "firebase functions:log"
  },
  "engines": {
    "node": "22"
  },
  "main": "index.js",
  "dependencies": {
    "firebase-admin": "^12.6.0",
    "firebase-functions": "^6.0.1"
  },
  "devDependencies": {
    "eslint": "^8.15.0",
    "eslint-config-google": "^0.14.0",
    "firebase-functions-test": "^3.1.0"
  },
  "private": true
}
[debug] [2025-06-20T09:18:45.665Z] Building nodejs source
[debug] [2025-06-20T09:18:45.665Z] Failed to find version of module node: reached end of search path C:\Users\SHEMA Valentin\Desktop\projects\MealsForYou\functions\node_modules
[info] +  functions: Using node@22 from host. 
[debug] [2025-06-20T09:18:45.666Z] Could not find functions.yaml. Must use http discovery
[debug] [2025-06-20T09:18:45.674Z] Found firebase-functions binary at 'C:\Users\SHEMA Valentin\Desktop\projects\MealsForYou\functions\node_modules\.bin\firebase-functions'
[info] Serving at port 8979

[debug] [2025-06-20T09:18:46.145Z] Got response from /__/functions.yaml {"endpoints":{"geocode":{"availableMemoryMb":null,"timeoutSeconds":null,"minInstances":null,"maxInstances":null,"ingressSettings":null,"concurrency":null,"serviceAccountEmail":null,"vpc":null,"platform":"gcfv2","labels":{},"httpsTrigger":{},"entryPoint":"geocode"},"placesNearby":{"availableMemoryMb":null,"timeoutSeconds":null,"minInstances":null,"maxInstances":null,"ingressSettings":null,"concurrency":null,"serviceAccountEmail":null,"vpc":null,"platform":"gcfv2","labels":{},"httpsTrigger":{},"entryPoint":"placesNearby"}},"specVersion":"v1alpha1","requiredAPIs":[],"extensions":{}}
[info] +  functions: Loaded functions definitions from source: geocode, placesNearby. {"metadata":{"emulator":{"name":"functions"},"message":"Loaded functions definitions from source: geocode, placesNearby."}}
[debug] [2025-06-20T09:26:12.451Z] File C:\Users\SHEMA Valentin\Desktop\projects\MealsForYou\functions\places\mock\index.js changed, reloading triggers {"metadata":{"emulator":{"name":"functions"},"message":"File C:\\Users\\SHEMA Valentin\\Desktop\\projects\\MealsForYou\\functions\\places\\mock\\index.js changed, reloading triggers"}}
[debug] [2025-06-20T09:26:13.467Z] Validating nodejs source
[debug] [2025-06-20T09:26:15.039Z] > [functions] package.json contents: {
  "name": "functions",
  "description": "Cloud Functions for Firebase",
  "scripts": {
    "lint": "eslint .",
    "serve": "firebase emulators:start --only functions",
    "shell": "firebase functions:shell",
    "start": "npm run shell",
    "deploy": "firebase deploy --only functions",
    "logs": "firebase functions:log"
  },
  "engines": {
    "node": "22"
  },
  "main": "index.js",
  "dependencies": {
    "firebase-admin": "^12.6.0",
    "firebase-functions": "^6.0.1"
  },
  "devDependencies": {
    "eslint": "^8.15.0",
    "eslint-config-google": "^0.14.0",
    "firebase-functions-test": "^3.1.0"
  },
  "private": true
}
[debug] [2025-06-20T09:26:15.039Z] Building nodejs source
[debug] [2025-06-20T09:26:15.039Z] Failed to find version of module node: reached end of search path C:\Users\SHEMA Valentin\Desktop\projects\MealsForYou\functions\node_modules
[info] +  functions: Using node@22 from host. 
[debug] [2025-06-20T09:26:15.040Z] Could not find functions.yaml. Must use http discovery
[debug] [2025-06-20T09:26:15.049Z] Found firebase-functions binary at 'C:\Users\SHEMA Valentin\Desktop\projects\MealsForYou\functions\node_modules\.bin\firebase-functions'
[info] Serving at port 8292

[debug] [2025-06-20T09:26:15.897Z] Got response from /__/functions.yaml {"endpoints":{"geocode":{"availableMemoryMb":null,"timeoutSeconds":null,"minInstances":null,"maxInstances":null,"ingressSettings":null,"concurrency":null,"serviceAccountEmail":null,"vpc":null,"platform":"gcfv2","labels":{},"httpsTrigger":{},"entryPoint":"geocode"},"placesNearby":{"availableMemoryMb":null,"timeoutSeconds":null,"minInstances":null,"maxInstances":null,"ingressSettings":null,"concurrency":null,"serviceAccountEmail":null,"vpc":null,"platform":"gcfv2","labels":{},"httpsTrigger":{},"entryPoint":"placesNearby"}},"specVersion":"v1alpha1","requiredAPIs":[],"extensions":{}}
[info] +  functions: Loaded functions definitions from source: geocode, placesNearby. {"metadata":{"emulator":{"name":"functions"},"message":"Loaded functions definitions from source: geocode, placesNearby."}}
[debug] [2025-06-20T09:27:26.861Z] File C:\Users\SHEMA Valentin\Desktop\projects\MealsForYou\functions\places\mock\index.js changed, reloading triggers {"metadata":{"emulator":{"name":"functions"},"message":"File C:\\Users\\SHEMA Valentin\\Desktop\\projects\\MealsForYou\\functions\\places\\mock\\index.js changed, reloading triggers"}}
[debug] [2025-06-20T09:27:27.863Z] Validating nodejs source
[debug] [2025-06-20T09:27:29.403Z] > [functions] package.json contents: {
  "name": "functions",
  "description": "Cloud Functions for Firebase",
  "scripts": {
    "lint": "eslint .",
    "serve": "firebase emulators:start --only functions",
    "shell": "firebase functions:shell",
    "start": "npm run shell",
    "deploy": "firebase deploy --only functions",
    "logs": "firebase functions:log"
  },
  "engines": {
    "node": "22"
  },
  "main": "index.js",
  "dependencies": {
    "firebase-admin": "^12.6.0",
    "firebase-functions": "^6.0.1"
  },
  "devDependencies": {
    "eslint": "^8.15.0",
    "eslint-config-google": "^0.14.0",
    "firebase-functions-test": "^3.1.0"
  },
  "private": true
}
[debug] [2025-06-20T09:27:29.404Z] Building nodejs source
[debug] [2025-06-20T09:27:29.404Z] Failed to find version of module node: reached end of search path C:\Users\SHEMA Valentin\Desktop\projects\MealsForYou\functions\node_modules
[info] +  functions: Using node@22 from host. 
[debug] [2025-06-20T09:27:29.411Z] Could not find functions.yaml. Must use http discovery
[debug] [2025-06-20T09:27:29.424Z] Found firebase-functions binary at 'C:\Users\SHEMA Valentin\Desktop\projects\MealsForYou\functions\node_modules\.bin\firebase-functions'
[info] Serving at port 8804

[debug] [2025-06-20T09:27:30.547Z] Got response from /__/functions.yaml {"endpoints":{"geocode":{"availableMemoryMb":null,"timeoutSeconds":null,"minInstances":null,"maxInstances":null,"ingressSettings":null,"concurrency":null,"serviceAccountEmail":null,"vpc":null,"platform":"gcfv2","labels":{},"httpsTrigger":{},"entryPoint":"geocode"},"placesNearby":{"availableMemoryMb":null,"timeoutSeconds":null,"minInstances":null,"maxInstances":null,"ingressSettings":null,"concurrency":null,"serviceAccountEmail":null,"vpc":null,"platform":"gcfv2","labels":{},"httpsTrigger":{},"entryPoint":"placesNearby"}},"specVersion":"v1alpha1","requiredAPIs":[],"extensions":{}}
[info] +  functions: Loaded functions definitions from source: geocode, placesNearby. {"metadata":{"emulator":{"name":"functions"},"message":"Loaded functions definitions from source: geocode, placesNearby."}}
[debug] [2025-06-20T09:29:14.979Z] File C:\Users\SHEMA Valentin\Desktop\projects\MealsForYou\functions\places\index.js changed, reloading triggers {"metadata":{"emulator":{"name":"functions"},"message":"File C:\\Users\\SHEMA Valentin\\Desktop\\projects\\MealsForYou\\functions\\places\\index.js changed, reloading triggers"}}
[debug] [2025-06-20T09:29:15.988Z] Validating nodejs source
[debug] [2025-06-20T09:29:17.683Z] > [functions] package.json contents: {
  "name": "functions",
  "description": "Cloud Functions for Firebase",
  "scripts": {
    "lint": "eslint .",
    "serve": "firebase emulators:start --only functions",
    "shell": "firebase functions:shell",
    "start": "npm run shell",
    "deploy": "firebase deploy --only functions",
    "logs": "firebase functions:log"
  },
  "engines": {
    "node": "22"
  },
  "main": "index.js",
  "dependencies": {
    "firebase-admin": "^12.6.0",
    "firebase-functions": "^6.0.1"
  },
  "devDependencies": {
    "eslint": "^8.15.0",
    "eslint-config-google": "^0.14.0",
    "firebase-functions-test": "^3.1.0"
  },
  "private": true
}
[debug] [2025-06-20T09:29:17.683Z] Building nodejs source
[debug] [2025-06-20T09:29:17.684Z] Failed to find version of module node: reached end of search path C:\Users\SHEMA Valentin\Desktop\projects\MealsForYou\functions\node_modules
[info] +  functions: Using node@22 from host. 
[debug] [2025-06-20T09:29:17.685Z] Could not find functions.yaml. Must use http discovery
[debug] [2025-06-20T09:29:17.699Z] Found firebase-functions binary at 'C:\Users\SHEMA Valentin\Desktop\projects\MealsForYou\functions\node_modules\.bin\firebase-functions'
[info] Serving at port 8973

[debug] [2025-06-20T09:29:18.895Z] Got response from /__/functions.yaml {"endpoints":{"geocode":{"availableMemoryMb":null,"timeoutSeconds":null,"minInstances":null,"maxInstances":null,"ingressSettings":null,"concurrency":null,"serviceAccountEmail":null,"vpc":null,"platform":"gcfv2","labels":{},"httpsTrigger":{},"entryPoint":"geocode"},"placesNearby":{"availableMemoryMb":null,"timeoutSeconds":null,"minInstances":null,"maxInstances":null,"ingressSettings":null,"concurrency":null,"serviceAccountEmail":null,"vpc":null,"platform":"gcfv2","labels":{},"httpsTrigger":{},"entryPoint":"placesNearby"}},"specVersion":"v1alpha1","requiredAPIs":[],"extensions":{}}
[info] +  functions: Loaded functions definitions from source: geocode, placesNearby. {"metadata":{"emulator":{"name":"functions"},"message":"Loaded functions definitions from source: geocode, placesNearby."}}
[debug] [2025-06-20T09:32:20.702Z] File C:\Users\SHEMA Valentin\Desktop\projects\MealsForYou\functions\places\index.js changed, reloading triggers {"metadata":{"emulator":{"name":"functions"},"message":"File C:\\Users\\SHEMA Valentin\\Desktop\\projects\\MealsForYou\\functions\\places\\index.js changed, reloading triggers"}}
[debug] [2025-06-20T09:32:21.708Z] Validating nodejs source
[debug] [2025-06-20T09:32:23.435Z] > [functions] package.json contents: {
  "name": "functions",
  "description": "Cloud Functions for Firebase",
  "scripts": {
    "lint": "eslint .",
    "serve": "firebase emulators:start --only functions",
    "shell": "firebase functions:shell",
    "start": "npm run shell",
    "deploy": "firebase deploy --only functions",
    "logs": "firebase functions:log"
  },
  "engines": {
    "node": "22"
  },
  "main": "index.js",
  "dependencies": {
    "firebase-admin": "^12.6.0",
    "firebase-functions": "^6.0.1"
  },
  "devDependencies": {
    "eslint": "^8.15.0",
    "eslint-config-google": "^0.14.0",
    "firebase-functions-test": "^3.1.0"
  },
  "private": true
}
[debug] [2025-06-20T09:32:23.435Z] Building nodejs source
[debug] [2025-06-20T09:32:23.435Z] Failed to find version of module node: reached end of search path C:\Users\SHEMA Valentin\Desktop\projects\MealsForYou\functions\node_modules
[info] +  functions: Using node@22 from host. 
[debug] [2025-06-20T09:32:23.437Z] Could not find functions.yaml. Must use http discovery
[debug] [2025-06-20T09:32:23.450Z] Found firebase-functions binary at 'C:\Users\SHEMA Valentin\Desktop\projects\MealsForYou\functions\node_modules\.bin\firebase-functions'
[info] Serving at port 8659

[debug] [2025-06-20T09:32:24.524Z] Got response from /__/functions.yaml {"endpoints":{"geocode":{"availableMemoryMb":null,"timeoutSeconds":null,"minInstances":null,"maxInstances":null,"ingressSettings":null,"concurrency":null,"serviceAccountEmail":null,"vpc":null,"platform":"gcfv2","labels":{},"httpsTrigger":{},"entryPoint":"geocode"},"placesNearby":{"availableMemoryMb":null,"timeoutSeconds":null,"minInstances":null,"maxInstances":null,"ingressSettings":null,"concurrency":null,"serviceAccountEmail":null,"vpc":null,"platform":"gcfv2","labels":{},"httpsTrigger":{},"entryPoint":"placesNearby"}},"specVersion":"v1alpha1","requiredAPIs":[],"extensions":{}}
[info] +  functions: Loaded functions definitions from source: geocode, placesNearby. {"metadata":{"emulator":{"name":"functions"},"message":"Loaded functions definitions from source: geocode, placesNearby."}}
[debug] [2025-06-20T11:05:28.364Z] File C:\Users\SHEMA Valentin\Desktop\projects\MealsForYou\functions\places\mock\index.js changed, reloading triggers {"metadata":{"emulator":{"name":"functions"},"message":"File C:\\Users\\SHEMA Valentin\\Desktop\\projects\\MealsForYou\\functions\\places\\mock\\index.js changed, reloading triggers"}}
[debug] [2025-06-20T11:05:29.388Z] Validating nodejs source
[debug] [2025-06-20T11:05:31.381Z] > [functions] package.json contents: {
  "name": "functions",
  "description": "Cloud Functions for Firebase",
  "scripts": {
    "lint": "eslint .",
    "serve": "firebase emulators:start --only functions",
    "shell": "firebase functions:shell",
    "start": "npm run shell",
    "deploy": "firebase deploy --only functions",
    "logs": "firebase functions:log"
  },
  "engines": {
    "node": "22"
  },
  "main": "index.js",
  "dependencies": {
    "firebase-admin": "^12.6.0",
    "firebase-functions": "^6.0.1"
  },
  "devDependencies": {
    "eslint": "^8.15.0",
    "eslint-config-google": "^0.14.0",
    "firebase-functions-test": "^3.1.0"
  },
  "private": true
}
[debug] [2025-06-20T11:05:31.382Z] Building nodejs source
[debug] [2025-06-20T11:05:31.382Z] Failed to find version of module node: reached end of search path C:\Users\SHEMA Valentin\Desktop\projects\MealsForYou\functions\node_modules
[info] +  functions: Using node@22 from host. 
[debug] [2025-06-20T11:05:31.387Z] Could not find functions.yaml. Must use http discovery
[debug] [2025-06-20T11:05:31.398Z] Found firebase-functions binary at 'C:\Users\SHEMA Valentin\Desktop\projects\MealsForYou\functions\node_modules\.bin\firebase-functions'
[info] Serving at port 8141

[debug] [2025-06-20T11:05:31.979Z] Got response from /__/functions.yaml {"endpoints":{"geocode":{"availableMemoryMb":null,"timeoutSeconds":null,"minInstances":null,"maxInstances":null,"ingressSettings":null,"concurrency":null,"serviceAccountEmail":null,"vpc":null,"platform":"gcfv2","labels":{},"httpsTrigger":{},"entryPoint":"geocode"},"placesNearby":{"availableMemoryMb":null,"timeoutSeconds":null,"minInstances":null,"maxInstances":null,"ingressSettings":null,"concurrency":null,"serviceAccountEmail":null,"vpc":null,"platform":"gcfv2","labels":{},"httpsTrigger":{},"entryPoint":"placesNearby"}},"specVersion":"v1alpha1","requiredAPIs":[],"extensions":{}}
[info] +  functions: Loaded functions definitions from source: geocode, placesNearby. {"metadata":{"emulator":{"name":"functions"},"message":"Loaded functions definitions from source: geocode, placesNearby."}}
